 
Welcome to
  ___________                      ___________
 /__________/                      \__________\
  ___________   p y  V i b  L u m  ___________ 
 /__________/                      \__________\
 
        Code for simulation of vibronic emission
       in noncentrosymmetric lanthanide complexes
 
                   Authors:
               Vsevolod Dergachev
               Liviu Chibotaru
               Sergey Varganov
 
*******************************************************
*******              Version: 1.0               *******
*******************************************************
 
 
-------------------------------------------------------
-------                 Input:                  -------
-------------------------------------------------------
Path:
   to coordinates: /home/seva/pyviblum/test/data/GCoord.xyz
   to hessian: /home/seva/pyviblum/test/data/GHessian.dat
   to electronic data: /home/seva/pyviblum/test/data/OpenMolcas.out
   to gradients: /home/seva/pyviblum/test/data/gradients
   to couplings: /home/seva/pyviblum/test/data/nacs
 
Simulation parameters:
   linewidth: 3.50
   min energy: 2.60
   max energy: 2.72
   step: 0.00010
   max number of excitations per mode: 3
   number of modes: 6
-------------------------------------------------------
 
 
-------------------------------------------------------
                     Simulation
-------------------------------------------------------
 
Transition to state 1 at 2.71 eV with oscillator strength of 2.97e-09
 
--------------------------------------
|  Mode  |  Frequency  |  HR factor  |
--------------------------------------
|   1    |     91.8    | 1.426e-03   |
--------------------------------------
|   2    |     17.3    | 5.914e-04   |
--------------------------------------
|   3    |     14.2    | 4.092e-04   |
--------------------------------------
|   4    |     107.7    | 3.956e-04   |
--------------------------------------
|   5    |     22.7    | 3.319e-04   |
--------------------------------------
|   6    |     47.6    | 2.638e-04   |
--------------------------------------
 
Transition to state 2 at 2.70 eV with oscillator strength of 1.20e-07
 
--------------------------------------
|  Mode  |  Frequency  |  HR factor  |
--------------------------------------
|   1    |     14.2    | 2.252e-02   |
--------------------------------------
|   2    |     22.7    | 1.853e-02   |
--------------------------------------
|   3    |     17.3    | 8.108e-03   |
--------------------------------------
|   4    |     91.8    | 3.832e-03   |
--------------------------------------
|   5    |     47.6    | 2.661e-03   |
--------------------------------------
|   6    |     111.2    | 1.752e-03   |
--------------------------------------
 
Transition to state 3 at 2.69 eV with oscillator strength of 6.58e-09
 
--------------------------------------
|  Mode  |  Frequency  |  HR factor  |
--------------------------------------
|   1    |     14.2    | 1.509e-02   |
--------------------------------------
|   2    |     22.7    | 8.853e-03   |
--------------------------------------
|   3    |     91.8    | 1.447e-03   |
--------------------------------------
|   4    |     17.3    | 1.182e-03   |
--------------------------------------
|   5    |     107.7    | 1.029e-03   |
--------------------------------------
|   6    |     47.6    | 6.252e-04   |
--------------------------------------
 
Transition to state 4 at 2.69 eV with oscillator strength of 5.07e-09
 
--------------------------------------
|  Mode  |  Frequency  |  HR factor  |
--------------------------------------
|   1    |     22.7    | 9.214e-04   |
--------------------------------------
|   2    |     91.8    | 3.169e-04   |
--------------------------------------
|   3    |     157.7    | 2.111e-04   |
--------------------------------------
|   4    |     140.7    | 1.592e-04   |
--------------------------------------
|   5    |     17.3    | 1.229e-04   |
--------------------------------------
|   6    |     121.0    | 8.934e-05   |
--------------------------------------
 
Transition to state 5 at 2.69 eV with oscillator strength of 2.05e-08
 
--------------------------------------
|  Mode  |  Frequency  |  HR factor  |
--------------------------------------
|   1    |     22.7    | 1.544e-03   |
--------------------------------------
|   2    |     14.2    | 1.233e-03   |
--------------------------------------
|   3    |     60.6    | 8.142e-04   |
--------------------------------------
|   4    |     53.4    | 6.413e-04   |
--------------------------------------
|   5    |     47.6    | 3.647e-04   |
--------------------------------------
|   6    |     111.2    | 1.716e-04   |
--------------------------------------
 
Transition to state 6 at 2.66 eV with oscillator strength of 3.82e-08
 
--------------------------------------
|  Mode  |  Frequency  |  HR factor  |
--------------------------------------
|   1    |     22.7    | 2.820e-02   |
--------------------------------------
|   2    |     14.2    | 2.051e-02   |
--------------------------------------
|   3    |     60.6    | 1.573e-02   |
--------------------------------------
|   4    |     111.2    | 4.395e-03   |
--------------------------------------
|   5    |     53.4    | 3.685e-03   |
--------------------------------------
|   6    |     17.3    | 3.324e-03   |
--------------------------------------
 
Transition to state 7 at 2.66 eV with oscillator strength of 5.99e-08
 
--------------------------------------
|  Mode  |  Frequency  |  HR factor  |
--------------------------------------
|   1    |     22.7    | 2.460e-02   |
--------------------------------------
|   2    |     60.6    | 2.064e-02   |
--------------------------------------
|   3    |     14.2    | 4.468e-03   |
--------------------------------------
|   4    |     111.2    | 4.288e-03   |
--------------------------------------
|   5    |     53.4    | 3.804e-03   |
--------------------------------------
|   6    |     88.4    | 2.624e-03   |
--------------------------------------
 
Transition to state 8 at 2.65 eV with oscillator strength of 8.82e-08
 
--------------------------------------
|  Mode  |  Frequency  |  HR factor  |
--------------------------------------
|   1    |     22.7    | 2.373e-02   |
--------------------------------------
|   2    |     60.6    | 2.031e-02   |
--------------------------------------
|   3    |     53.4    | 4.778e-03   |
--------------------------------------
|   4    |     111.2    | 4.364e-03   |
--------------------------------------
|   5    |     14.2    | 4.144e-03   |
--------------------------------------
|   6    |     88.4    | 2.708e-03   |
--------------------------------------
 
Vibronic spectrum has been saved to Spectrum.txt
 
-------------------------------------------------------
-------         pyVibLum ends normally          -------
-------------------------------------------------------
