 
Welcome to
  ___________                      ___________
 /__________/                      \__________\
  ___________   p y  V i b  L u m  ___________ 
 /__________/                      \__________\
 
        Code for simulation of vibronic emission
       in noncentrosymmetric lanthanide complexes
 
                   Authors:
               Vsevolod Dergachev
               Liviu Chibotaru
               Sergey Varganov
 
*******************************************************
*******              Version: 1.0               *******
*******************************************************
 
 
-------------------------------------------------------
-------                 Input:                  -------
-------------------------------------------------------
Path:
   to coordinates: /home/seva/pyviblum/test/data/OCoord.xyz
   to hessian: /home/seva/pyviblum/test/data/OHessian.dat
   to electronic data: /home/seva/pyviblum/test/data/OpenMolcas.out
   to gradients: /home/seva/pyviblum/test/data/gradients
   to couplings: /home/seva/pyviblum/test/data/nacs
 
Simulation parameters:
   linewidth: 3.50
   min energy: 2.60
   max energy: 2.72
   step: 0.00010
   max number of excitations per mode: 3
   number of modes: 6
-------------------------------------------------------
 
 
-------------------------------------------------------
                     Simulation
-------------------------------------------------------
 
Transition to state 1 at 2.76 eV with oscillator strength of 2.97e-09
 
--------------------------------------
|  Mode  |  Frequency  |  HR factor  |
--------------------------------------
|   1    |     21.6    | 3.842e-02   |
--------------------------------------
|   2    |     14.8    | 8.240e-03   |
--------------------------------------
|   3    |     15.3    | 3.092e-03   |
--------------------------------------
|   4    |     108.5    | 1.522e-03   |
--------------------------------------
|   5    |     95.9    | 1.183e-03   |
--------------------------------------
|   6    |     56.9    | 7.685e-04   |
--------------------------------------
 
Transition to state 2 at 2.79 eV with oscillator strength of 1.20e-07
 
--------------------------------------
|  Mode  |  Frequency  |  HR factor  |
--------------------------------------
|   1    |     21.6    | 2.171e-01   |
--------------------------------------
|   2    |     14.8    | 7.366e-03   |
--------------------------------------
|   3    |     48.9    | 5.372e-03   |
--------------------------------------
|   4    |     95.5    | 3.935e-03   |
--------------------------------------
|   5    |     56.9    | 2.621e-03   |
--------------------------------------
|   6    |     108.5    | 2.347e-03   |
--------------------------------------
 
Transition to state 3 at 2.75 eV with oscillator strength of 6.58e-09
 
--------------------------------------
|  Mode  |  Frequency  |  HR factor  |
--------------------------------------
|   1    |     21.6    | 6.604e-02   |
--------------------------------------
|   2    |     14.8    | 4.492e-03   |
--------------------------------------
|   3    |     48.9    | 2.317e-03   |
--------------------------------------
|   4    |     95.5    | 1.870e-03   |
--------------------------------------
|   5    |     108.5    | 1.473e-03   |
--------------------------------------
|   6    |     15.3    | 8.476e-04   |
--------------------------------------
 
Transition to state 4 at 2.73 eV with oscillator strength of 5.07e-09
 
--------------------------------------
|  Mode  |  Frequency  |  HR factor  |
--------------------------------------
|   1    |     14.8    | 1.497e-02   |
--------------------------------------
|   2    |     21.6    | 2.466e-03   |
--------------------------------------
|   3    |     48.9    | 2.223e-03   |
--------------------------------------
|   4    |     108.5    | 8.804e-04   |
--------------------------------------
|   5    |     99.2    | 8.129e-04   |
--------------------------------------
|   6    |     95.5    | 6.190e-04   |
--------------------------------------
 
Transition to state 5 at 2.71 eV with oscillator strength of 2.05e-08
 
--------------------------------------
|  Mode  |  Frequency  |  HR factor  |
--------------------------------------
|   1    |     14.8    | 6.487e-02   |
--------------------------------------
|   2    |     15.3    | 1.048e-02   |
--------------------------------------
|   3    |     21.6    | 6.527e-03   |
--------------------------------------
|   4    |     56.9    | 4.233e-03   |
--------------------------------------
|   5    |     99.2    | 1.748e-03   |
--------------------------------------
|   6    |     48.5    | 1.327e-03   |
--------------------------------------
 
Transition to state 6 at 2.76 eV with oscillator strength of 3.82e-08
 
--------------------------------------
|  Mode  |  Frequency  |  HR factor  |
--------------------------------------
|   1    |     14.8    | 5.272e-01   |
--------------------------------------
|   2    |     48.9    | 3.001e-02   |
--------------------------------------
|   3    |     56.9    | 2.197e-02   |
--------------------------------------
|   4    |     99.2    | 1.098e-02   |
--------------------------------------
|   5    |     95.5    | 7.650e-03   |
--------------------------------------
|   6    |     108.5    | 5.274e-03   |
--------------------------------------
 
Transition to state 7 at 2.77 eV with oscillator strength of 5.99e-08
 
--------------------------------------
|  Mode  |  Frequency  |  HR factor  |
--------------------------------------
|   1    |     14.8    | 9.512e-01   |
--------------------------------------
|   2    |     15.3    | 2.744e-02   |
--------------------------------------
|   3    |     56.9    | 1.697e-02   |
--------------------------------------
|   4    |     48.9    | 1.536e-02   |
--------------------------------------
|   5    |     99.2    | 1.419e-02   |
--------------------------------------
|   6    |     21.6    | 9.806e-03   |
--------------------------------------
 
Transition to state 8 at 2.85 eV with oscillator strength of 8.82e-08
 
--------------------------------------
|  Mode  |  Frequency  |  HR factor  |
--------------------------------------
|   1    |     14.8    | 1.077e+00   |
--------------------------------------
|   2    |     15.3    | 8.271e-02   |
--------------------------------------
|   3    |     99.2    | 1.452e-02   |
--------------------------------------
|   4    |     48.9    | 1.265e-02   |
--------------------------------------
|   5    |     95.5    | 5.422e-03   |
--------------------------------------
|   6    |     108.5    | 5.306e-03   |
--------------------------------------
 
Vibronic spectrum has been saved to Spectrum.txt
 
-------------------------------------------------------
-------         pyVibLum ends normally          -------
-------------------------------------------------------
