
 **************************************************
 *                                                *
 *              Molecular gradients               *
 *                                                *
 **************************************************

  Irreducible representation: a  
 ------------------------------------------------------------------------------------------
                              X                       Y                       Z
 ------------------------------------------------------------------------------------------
  ER1              -1.97809560517870E-03   -1.73311814795940E-03   -6.01866887372182E-04
  O2                2.70869032264613E-02    1.31115733734237E-02    4.89649083401744E-03
  N3                3.01784997999910E-02    9.54493825135394E-03    5.64209805880367E-03
  N4                2.10791328508075E-03    5.40164760600342E-04   -7.63661687408757E-03
  C5               -8.62398083190996E-03   -1.51851055761987E-03   -4.97245887492426E-03
  C6                4.34617542194715E-03    2.02091821590500E-03    1.22780019682800E-03
  C7               -8.55843231843068E-03   -3.29170430954284E-03   -3.98036452718920E-03
  C8                4.47820931430698E-05    3.85374196085841E-03   -4.70262051155856E-03
  C9                2.15979931048338E-03   -1.80197033537688E-03    4.49676130749843E-03
  C10               1.51790477667291E-03   -9.28617043993185E-03    1.27478257581122E-02
  C11              -2.45569406594690E-02    8.49314004966573E-04   -1.93851822960869E-02
  C12              -1.10966151957470E-03    8.83628895099875E-03   -2.31949194830605E-04
  C13               2.74199075338366E-03   -3.73496993738431E-03   -4.92834760353489E-03
  H14               4.26216999746787E-03    8.23083387254719E-03   -6.49044947718025E-03
  H15              -6.10953702556838E-03    3.28905823485171E-03   -8.61733408674858E-03
  H16              -1.01633362598506E-02   -4.60113259223860E-03   -2.23578004471214E-03
  H17              -3.49216856377943E-03   -8.62998112130064E-03    7.82566752441749E-03
  H18              -7.69336698765599E-03   -1.00567867982591E-02    7.05557574306326E-03
  H19              -7.62522213573735E-03   -7.31779340093119E-03    3.74659911950825E-03
  H20               1.01673444537873E-02   -5.77183359606437E-03   -1.39307856780757E-03
  H21               1.78451053632500E-03   -4.06036818937139E-03    9.77397466621710E-03
  H22              -9.49868901200723E-03    5.70645930140490E-03    6.56121893703343E-04
  O23              -2.24901708977203E-02    1.69981578518055E-02    6.70802922616076E-03
  C24               5.17587713884993E-03   -7.93094681202611E-03   -7.94489336255744E-03
  C25              -2.84671463514119E-03    2.06368349585340E-03    1.96596594192222E-03
  C26               6.71605518569240E-03   -5.03620961015194E-03   -2.92974804665569E-03
  C27              -3.78653028990961E-03   -1.64291979075770E-03   -5.14553124794137E-03
  C28               2.56976215361249E-03    1.72305566904285E-03    4.54082552400481E-03
  C29               4.20944394242717E-03    8.41380777344281E-03    1.38773378604913E-02
  C30               1.72193301141697E-02   -2.27417781952894E-02   -1.86119667424300E-02
  N31              -2.85155702053572E-02    2.16804605181653E-02    4.63685075637343E-03
  O32              -1.65941882216813E-03   -3.01746997465688E-02    8.79382564725617E-03
  C33               4.04632550105433E-03    9.77672391084994E-03   -7.93468813605358E-03
  C34              -5.15173402371616E-04   -4.16248679221276E-03    1.93319598664132E-03
  C35               5.47337475253151E-04    8.83317687352125E-03   -3.66381054180742E-03
  C36               2.85124706681206E-03   -3.19734627406199E-03   -3.34459397493259E-03
  C37              -1.55670816557740E-03    5.29169971818177E-04    2.46728180456979E-03
  C38              -1.05520931607774E-02    1.46447351185586E-03    1.43047249002168E-02
  C39               1.08724926703960E-02    2.43657740660090E-02   -2.01786504879284E-02
  N40              -3.83646994184250E-03   -3.55219598928969E-02    7.32823599680721E-03
  C41               1.41433826285464E-03    4.09294303490704E-03   -4.54671057983447E-03
  C42              -5.23189723999096E-03   -4.58760459613217E-03   -3.57863081354992E-04
  H43               1.04765205910571E-02   -2.70169113373520E-03    3.92811944352900E-03
  H44              -5.45023045855686E-04    1.08458632221478E-02   -6.70127715864499E-04
  H45               2.54841099533065E-03    3.39403545503902E-03    1.00334172212655E-02
  H46              -1.71034247483437E-04   -1.05441446362207E-02    2.99029976037701E-04
  C47              -6.85802831543647E-03   -1.62677639438868E-03   -4.63971651807782E-03
  C48               9.48008630730435E-03    6.34506159300940E-04    7.03755651894511E-04
  H49              -2.82091308167098E-03    9.66133872583619E-03    3.59604815665460E-03
  H50              -1.02230771185852E-02   -7.39333516117036E-03   -1.29468908175334E-03
  H51              -3.88624831423012E-03    3.29205776510300E-04    9.58379050616642E-03
  H52               9.99510339305054E-03    6.10363999230223E-03    8.23422369685911E-04
  H53              -5.16646791458975E-03    1.12268221228184E-02    6.87377624769336E-03
  H54              -6.68480841469332E-03    7.28033701189190E-03    7.49527280616746E-03
  H55               1.42157879472471E-04    1.14548030680570E-02   -3.12443826476594E-03
  H56               6.02628867257149E-03    3.58422658295909E-03   -9.08944838428560E-03
  H57               5.88152723771351E-03   -7.80871592786880E-03   -5.95152119252607E-03
  H58               1.14868271117867E-02   -9.47108400862762E-04    6.94882423765986E-03
  H59               9.12619602160447E-03    1.66088465890446E-03    7.24416084402435E-03
  H60               9.09652884231349E-03   -6.32425118003876E-03   -2.25950105431449E-03
  H61               4.01416959898704E-05   -7.34698624903452E-03   -9.00300035310941E-03
  H62              -9.56421378067240E-03   -6.07080160843765E-04   -6.28785849597158E-03
 ------------------------------------------------------------------------------------------
