
 **************************************************
 *                                                *
 *              Molecular gradients               *
 *                                                *
 **************************************************

  Irreducible representation: a  
 ------------------------------------------------------------------------------------------
                              X                       Y                       Z
 ------------------------------------------------------------------------------------------
  ER1              -1.94680142967285E-03   -1.82558962477342E-03   -1.27783951488780E-03
  O2                2.75301844220586E-02    1.31211200685577E-02    5.27178401184614E-03
  N3                3.02845541716543E-02    9.64294339317640E-03    5.36851458982035E-03
  N4                2.12508817969648E-03    5.53117554041194E-04   -7.37999680633195E-03
  C5               -8.69207207375666E-03   -1.54596380024574E-03   -4.85568418627658E-03
  C6                4.38871556571918E-03    2.03845638451217E-03    1.23644017374680E-03
  C7               -8.56159362264464E-03   -3.30528366444938E-03   -3.97337558661448E-03
  C8                4.30986396509070E-05    3.85976031332191E-03   -4.71111053628093E-03
  C9                2.17085470469947E-03   -1.80429390477066E-03    4.49943861064384E-03
  C10               1.51752493090207E-03   -9.28897542111962E-03    1.27307894444357E-02
  C11              -2.45566971795199E-02    8.34466106068632E-04   -1.93811403153017E-02
  C12              -1.05363110540679E-03    8.87601008084893E-03   -2.19681970314412E-04
  C13               2.80081205597593E-03   -3.68606366461233E-03   -4.95967634591210E-03
  H14               4.26253253776299E-03    8.23043754790831E-03   -6.48886779386260E-03
  H15              -6.10735890371039E-03    3.29081403306164E-03   -8.61661127346558E-03
  H16              -1.01639530261064E-02   -4.60075969679785E-03   -2.23558340628394E-03
  H17              -3.49131276257530E-03   -8.62929777576227E-03    7.82569694814761E-03
  H18              -7.69372356154108E-03   -1.00405638002208E-02    7.06047806046151E-03
  H19              -7.63011258449353E-03   -7.31457472822328E-03    3.72808056288942E-03
  H20               1.01631920680578E-02   -5.76741098749523E-03   -1.39241216228392E-03
  H21               1.77353548450765E-03   -4.07642793869467E-03    9.78413533006695E-03
  H22              -9.50557715332145E-03    5.70460644854442E-03    6.57830006801863E-04
  O23              -2.26951373355271E-02    1.73660389990964E-02    7.06600513737854E-03
  C24               5.19502550957363E-03   -7.94575795372587E-03   -7.84050079648857E-03
  C25              -2.88038132268609E-03    2.07902070873267E-03    1.96865089322529E-03
  C26               6.71673473051637E-03   -5.02651276892863E-03   -2.92236233784138E-03
  C27              -3.78239208324693E-03   -1.64167388122927E-03   -5.14147306772372E-03
  C28               2.57528086181580E-03    1.72141719814345E-03    4.53406430880510E-03
  C29               4.21488720420804E-03    8.43417712305605E-03    1.38816943163804E-02
  C30               1.72370946343534E-02   -2.27736320612415E-02   -1.86632556166035E-02
  N31              -2.87446200128869E-02    2.18145570125658E-02    4.34673605970026E-03
  O32              -1.79984504289266E-03   -3.03591596469879E-02    9.06353686004380E-03
  C33               4.05863338760515E-03    9.69905133363014E-03   -7.82169579968262E-03
  C34              -4.98848565326782E-04   -4.16543029777827E-03    1.91536601548492E-03
  C35               5.46109064728739E-04    8.80646442936950E-03   -3.66071115135114E-03
  C36               2.83733000434605E-03   -3.18375369150381E-03   -3.32797145166364E-03
  C37              -1.55452991233451E-03    5.43664034681868E-04    2.45369485246849E-03
  C38              -1.05929616075855E-02    1.46417838475443E-03    1.43374698569316E-02
  C39               1.09073820470900E-02    2.44240481087132E-02   -2.02627966810565E-02
  N40              -3.85074450401035E-03   -3.58119068788980E-02    7.06012039412762E-03
  C41               1.33625167279128E-03    4.11866073899336E-03   -4.56369934014234E-03
  C42              -5.29479574889002E-03   -4.54972556873479E-03   -3.19753027449465E-04
  H43               1.04729487111808E-02   -2.70844648169710E-03    3.90343184750375E-03
  H44              -5.44747079811003E-04    1.08393875656105E-02   -6.70445504005857E-04
  H45               2.57124971170741E-03    3.39203772083740E-03    1.00437090404650E-02
  H46              -1.65935112016902E-04   -1.05494083995623E-02    3.00745436077055E-04
  C47              -6.84384746576594E-03   -1.70437108357469E-03   -4.65535824435293E-03
  C48               9.48032804810239E-03    5.65328014449307E-04    7.35388378851454E-04
  H49              -2.81331293999409E-03    9.66235382613867E-03    3.57403912323395E-03
  H50              -1.02175698589324E-02   -7.38999173387000E-03   -1.29344414552679E-03
  H51              -3.89551176594871E-03    3.48643816326044E-04    9.59484356686247E-03
  H52               9.99756428866050E-03    6.11210343125101E-03    8.25774557727588E-04
  H53              -5.14910246057276E-03    1.12100199062599E-02    6.88169792787718E-03
  H54              -6.68472877843040E-03    7.28090590466834E-03    7.49486082592465E-03
  H55               1.42243700499672E-04    1.14550091369381E-02   -3.12372029852526E-03
  H56               6.02679624353719E-03    3.58222828464694E-03   -9.08951235284050E-03
  H57               5.88016361685195E-03   -7.80817985839644E-03   -5.94962234887486E-03
  H58               1.14605022749856E-02   -9.52902839378655E-04    6.95639972253392E-03
  H59               9.12546790467061E-03    1.66067091400468E-03    7.24358907555445E-03
  H60               9.09562783583873E-03   -6.32406356473503E-03   -2.25869989079053E-03
  H61               3.72699552951827E-05   -7.34506897831988E-03   -9.00193943241057E-03
  H62              -9.56313916681673E-03   -6.06507828551983E-04   -6.28606455635428E-03
 ------------------------------------------------------------------------------------------
