
 **************************************************
 *                                                *
 *              Molecular gradients               *
 *                                                *
 **************************************************

  Irreducible representation: a  
 ------------------------------------------------------------------------------------------
                              X                       Y                       Z
 ------------------------------------------------------------------------------------------
  ER1              -2.02619617772071E-03   -1.59693982967291E-03   -1.35568471072034E-03
  O2                2.74644656356386E-02    1.30442135512538E-02    5.25512393688743E-03
  N3                3.00244236711702E-02    9.40979067646808E-03    5.38440885999236E-03
  N4                2.15694100839497E-03    5.62440917643098E-04   -7.18929005315516E-03
  C5               -8.91035145055774E-03   -1.58594407932577E-03   -4.93433386049702E-03
  C6                4.43439186354766E-03    2.04128007593596E-03    1.28146030777998E-03
  C7               -8.60087230837969E-03   -3.33456990071612E-03   -3.96787117754549E-03
  C8                5.31510267922641E-05    3.89099775587098E-03   -4.74086206560731E-03
  C9                2.19661366969603E-03   -1.80338419801096E-03    4.51178341117453E-03
  C10               1.50554396645930E-03   -9.25125870345411E-03    1.26595683929274E-02
  C11              -2.44969816128915E-02    7.86783614721287E-04   -1.92586418981522E-02
  C12              -1.05668989017182E-03    8.88620873267776E-03   -2.29603381555421E-04
  C13               2.83415401327680E-03   -3.65730312890022E-03   -4.98738775603513E-03
  H14               4.26272427090746E-03    8.23144845910129E-03   -6.48983623093358E-03
  H15              -6.10634079082040E-03    3.28935399175512E-03   -8.61614074447914E-03
  H16              -1.01633850587000E-02   -4.59982329023578E-03   -2.23577628053162E-03
  H17              -3.48815912746492E-03   -8.62750716197702E-03    7.82532527812574E-03
  H18              -7.71329948534571E-03   -1.00432031785562E-02    7.06307309503096E-03
  H19              -7.63493351511357E-03   -7.32051182107263E-03    3.73011858119110E-03
  H20               1.01638471397099E-02   -5.76698684866805E-03   -1.39411888406138E-03
  H21               1.76779000401761E-03   -4.08481157739615E-03    9.78995180500775E-03
  H22              -9.50706075124330E-03    5.70339323027458E-03    6.59091198121686E-04
  O23              -2.24838031269496E-02    1.69233544326737E-02    6.97563621417174E-03
  C24               5.08211614874376E-03   -7.95814208652601E-03   -7.88785883464982E-03
  C25              -2.85373811281353E-03    2.05273725370247E-03    1.94734019863319E-03
  C26               6.69142746501006E-03   -5.01671974566698E-03   -2.93048949608199E-03
  C27              -3.76584523861290E-03   -1.63150966745995E-03   -5.11811220044311E-03
  C28               2.59381743861198E-03    1.70051320607190E-03    4.51865261473750E-03
  C29               4.21675363123342E-03    8.46467467112078E-03    1.39254547679299E-02
  C30               1.72920219045558E-02   -2.28389338868009E-02   -1.87312109920050E-02
  N31              -2.86663607812301E-02    2.18202759655766E-02    4.41585538965761E-03
  O32              -1.61874825177577E-03   -2.99866562432420E-02    8.99918817642842E-03
  C33               4.10981671599053E-03    9.68252806785230E-03   -7.83839328859415E-03
  C34              -4.98395129392648E-04   -4.13905301892115E-03    1.90039797877795E-03
  C35               5.50158528803024E-04    8.79419171702978E-03   -3.66815007000909E-03
  C36               2.83111064735264E-03   -3.18194669842597E-03   -3.31799991859771E-03
  C37              -1.55475432297991E-03    5.55746362485010E-04    2.44766299233123E-03
  C38              -1.05926080586176E-02    1.46993381853733E-03    1.43486916925517E-02
  C39               1.08993473442527E-02    2.44734379258098E-02   -2.02533484647929E-02
  N40              -3.79701834261414E-03   -3.56386552623533E-02    7.13568967541356E-03
  C41               1.28769006717278E-03    4.13630757132077E-03   -4.55958302701376E-03
  C42              -5.30492718900355E-03   -4.54585747869007E-03   -2.85006397039211E-04
  H43               1.04728151230233E-02   -2.70793137740633E-03    3.89341191887738E-03
  H44              -5.40211187771256E-04    1.08412724888449E-02   -6.67237749019778E-04
  H45               2.58569423731991E-03    3.38962830359835E-03    1.00489810704261E-02
  H46              -1.61776076274878E-04   -1.05517390929730E-02    3.02094929734764E-04
  C47              -6.84192596228428E-03   -1.74914294919049E-03   -4.66516526844174E-03
  C48               9.47933796560463E-03    5.49753735489489E-04    7.29556392444763E-04
  H49              -2.81367034371360E-03    9.66716951592161E-03    3.57150404569584E-03
  H50              -1.02153274799193E-02   -7.39131447190289E-03   -1.29241615045528E-03
  H51              -3.89873946183794E-03    3.59098516501399E-04    9.60138238893826E-03
  H52               9.99907567488734E-03    6.11728700806147E-03    8.28545898940991E-04
  H53              -5.16038442581035E-03    1.12201594750907E-02    6.87571931164932E-03
  H54              -6.68532878353822E-03    7.28193309297609E-03    7.49500616009957E-03
  H55               1.42277810961294E-04    1.14550187753082E-02   -3.12339564018771E-03
  H56               6.02672011817074E-03    3.58401617363402E-03   -9.09018931589500E-03
  H57               5.88016659536716E-03   -7.80916489402639E-03   -5.94844840863207E-03
  H58               1.14569035184999E-02   -9.51657245766180E-04    6.95687503355558E-03
  H59               9.12614632378350E-03    1.66084115600496E-03    7.24330737919221E-03
  H60               9.09536765353280E-03   -6.32362486931282E-03   -2.25791567930500E-03
  H61               3.83505078256352E-05   -7.34551425514773E-03   -9.00201156806268E-03
  H62              -9.56332924924475E-03   -6.05983280127287E-04   -6.28437958326522E-03
 ------------------------------------------------------------------------------------------
