
 **************************************************
 *                                                *
 *              Molecular gradients               *
 *                                                *
 **************************************************

  Irreducible representation: a  
 ------------------------------------------------------------------------------------------
                              X                       Y                       Z
 ------------------------------------------------------------------------------------------
  ER1              -2.06274977858878E-03   -1.81687651510254E-03   -1.08108601371271E-03
  O2                2.68844279726004E-02    1.30889830450780E-02    4.85687751784170E-03
  N3                3.06301431570279E-02    9.80783709600708E-03    5.67531324727177E-03
  N4                2.06417190213792E-03    5.50242387569025E-04   -7.40252325797641E-03
  C5               -8.41541035362781E-03   -1.38042961097584E-03   -4.94253104771225E-03
  C6                4.27268718211948E-03    2.01480676198074E-03    1.17719767761670E-03
  C7               -8.50770503649301E-03   -3.25080091891827E-03   -3.99162752589888E-03
  C8                3.73094096364213E-05    3.81261533484878E-03   -4.65640395370492E-03
  C9                2.11453789127880E-03   -1.81144262531774E-03    4.47197485725714E-03
  C10               1.54710179907447E-03   -9.33923411233728E-03    1.28414601388940E-02
  C11              -2.46843388015421E-02    9.11135605900171E-04   -1.95777860761521E-02
  C12              -1.07560191513834E-03    8.81716504337149E-03   -1.88012928612480E-04
  C13               2.78459804775189E-03   -3.70092029757085E-03   -4.92190588228425E-03
  H14               4.26372196057745E-03    8.22808288971899E-03   -6.48719242151330E-03
  H15              -6.11110447084329E-03    3.28898564862401E-03   -8.61884834784554E-03
  H16              -1.01634164675186E-02   -4.60225120658553E-03   -2.23504275112330E-03
  H17              -3.49521512186612E-03   -8.63248161803298E-03    7.82547534257372E-03
  H18              -7.65813728928055E-03   -1.00424147735971E-02    7.05536033119003E-03
  H19              -7.62512714406327E-03   -7.30921341807722E-03    3.73159282882263E-03
  H20               1.01616637461959E-02   -5.76737935978500E-03   -1.39514288587494E-03
  H21               1.77472470515094E-03   -4.07142693214979E-03    9.77818208102832E-03
  H22              -9.50717230571740E-03    5.70594851523332E-03    6.59849741580398E-04
  O23              -2.26730025272932E-02    1.75585815583617E-02    6.83455750861484E-03
  C24               5.33951652658082E-03   -7.97524901123481E-03   -7.93132362618998E-03
  C25              -2.88675663766691E-03    2.09893045555809E-03    2.00821900823911E-03
  C26               6.75499372341992E-03   -5.05473355273800E-03   -2.92018310578790E-03
  C27              -3.81515593504567E-03   -1.65403507188699E-03   -5.17676581693749E-03
  C28               2.55155749035119E-03    1.74877913627736E-03    4.55771499197011E-03
  C29               4.18912584555997E-03    8.37870847199795E-03    1.38123469580120E-02
  C30               1.71886089108781E-02   -2.26483108632145E-02   -1.85103752313482E-02
  N31              -2.84486847512042E-02    2.15782029236440E-02    4.61484086302555E-03
  O32              -1.63554155719936E-03   -3.06955127281707E-02    8.93705046942728E-03
  C33               3.95263409063151E-03    9.75895081778866E-03   -7.93852331795364E-03
  C34              -5.09695844218783E-04   -4.19583279731128E-03    1.94611806396949E-03
  C35               5.44957643257682E-04    8.83508023468238E-03   -3.65495001940097E-03
  C36               2.84691094381362E-03   -3.20176685516138E-03   -3.33892756566367E-03
  C37              -1.55059944186142E-03    5.42604517002943E-04    2.46272717804574E-03
  C38              -1.05621064592496E-02    1.43638102888843E-03    1.43180121890705E-02
  C39               1.08900596283661E-02    2.43770147229796E-02   -2.02563140012435E-02
  N40              -3.96162684587420E-03   -3.57165480901926E-02    7.33334196512381E-03
  C41               1.37680475912738E-03    4.10740448867841E-03   -4.57673828424277E-03
  C42              -5.23757394957869E-03   -4.60210245948911E-03   -3.81415546913288E-04
  H43               1.04843596002464E-02   -2.69991304730244E-03    3.93263811405475E-03
  H44              -5.46970666042590E-04    1.08469823942379E-02   -6.69511784725518E-04
  H45               2.55589424219682E-03    3.39388212876246E-03    1.00407765138204E-02
  H46              -1.69169879129960E-04   -1.05458651894423E-02    2.99267531141290E-04
  C47              -6.84372048295323E-03   -1.68224775733883E-03   -4.63670191173193E-03
  C48               9.47847196378149E-03    6.40614908768100E-04    7.60800908210513E-04
  H49              -2.82157057490373E-03    9.65950552080308E-03    3.58697073887004E-03
  H50              -1.02259185798452E-02   -7.38778545463870E-03   -1.29472019226040E-03
  H51              -3.89335167218618E-03    3.44504784501432E-04    9.58918313481050E-03
  H52               9.99501394556290E-03    6.10687529580289E-03    8.24039869370186E-04
  H53              -5.15233153001038E-03    1.12078295637055E-02    6.88170956902390E-03
  H54              -6.68430261981889E-03    7.27868460282011E-03    7.49440755613584E-03
  H55               1.41904085479677E-04    1.14537344932266E-02   -3.12416582630437E-03
  H56               6.02487342515978E-03    3.58091078123834E-03   -9.08810486126121E-03
  H57               5.87812318842573E-03   -7.80820428243789E-03   -5.94994713227059E-03
  H58               1.14987583978170E-02   -9.53227867950490E-04    6.94765651536233E-03
  H59               9.12442793236679E-03    1.66204880541954E-03    7.24451031789908E-03
  H60               9.09662791064392E-03   -6.32468123165353E-03   -2.26068131113211E-03
  H61               3.96934813725602E-05   -7.34543228643680E-03   -9.00392043712728E-03
  H62              -9.56434686872143E-03   -6.05694022671965E-04   -6.28880066115656E-03
 ------------------------------------------------------------------------------------------
