
 **************************************************
 *                                                *
 *              Molecular gradients               *
 *                                                *
 **************************************************

  Irreducible representation: a  
 ------------------------------------------------------------------------------------------
                              X                       Y                       Z
 ------------------------------------------------------------------------------------------
  ER1              -2.03529161331195E-03   -1.65561304282758E-03   -1.17067228609002E-03
  O2                2.75283065736041E-02    1.31669669814478E-02    5.25307830093169E-03
  N3                3.06238137498180E-02    9.71711752713311E-03    5.32372090155775E-03
  N4                2.11098455642461E-03    5.43038799213497E-04   -7.43449373900518E-03
  C5               -8.53781811325405E-03   -1.53864812522664E-03   -4.81776457016458E-03
  C6                4.34629895136851E-03    2.04591746210969E-03    1.20683054062276E-03
  C7               -8.52796184420335E-03   -3.27592962712098E-03   -3.97817256946986E-03
  C8                4.45877378734139E-05    3.83298662881160E-03   -4.67681444782908E-03
  C9                2.13169029530036E-03   -1.80852944609278E-03    4.47828418948826E-03
  C10               1.54464592739423E-03   -9.31911411998065E-03    1.27854206378548E-02
  C11              -2.46287884515155E-02    8.68748535202357E-04   -1.94843285491406E-02
  C12              -1.04638235575472E-03    8.86572091321014E-03   -2.04019037743919E-04
  C13               2.80151658928851E-03   -3.68428704916646E-03   -4.95522865129416E-03
  H14               4.26246756778026E-03    8.22914609639191E-03   -6.48897770192036E-03
  H15              -6.10617520581069E-03    3.29018224999800E-03   -8.61730692215978E-03
  H16              -1.01632156868909E-02   -4.60114964165026E-03   -2.23536190785634E-03
  H17              -3.49256052386959E-03   -8.62964484156414E-03    7.82499363905309E-03
  H18              -7.68232134862323E-03   -1.00266055067841E-02    7.06579512625716E-03
  H19              -7.62984498844421E-03   -7.30998599280674E-03    3.72610809414287E-03
  H20               1.01603481308583E-02   -5.76779529355953E-03   -1.39462813683155E-03
  H21               1.77267262851966E-03   -4.07613048132216E-03    9.78242998665735E-03
  H22              -9.50554399490855E-03    5.70476900042127E-03    6.58941878367791E-04
  O23              -2.27955542103953E-02    1.73072686247338E-02    6.99518934694154E-03
  C24               5.12723733246112E-03   -7.82435358811640E-03   -7.78411017752134E-03
  C25              -2.86429618978845E-03    2.04633177138724E-03    1.94271495011655E-03
  C26               6.68561889401609E-03   -5.01855366058557E-03   -2.92732489908687E-03
  C27              -3.76759083050970E-03   -1.63267532116329E-03   -5.12079669989074E-03
  C28               2.58772830718179E-03    1.70336246095459E-03    4.52220254646285E-03
  C29               4.22663759394126E-03    8.44898557043994E-03    1.39134480952594E-02
  C30               1.72325254010488E-02   -2.28015365292613E-02   -1.87024692285633E-02
  N31              -2.88655666086512E-02    2.19498639284161E-02    4.35137930308827E-03
  O32              -1.76150234603512E-03   -3.06840426964676E-02    9.12520491285562E-03
  C33               3.96102379888585E-03    9.71424325192416E-03   -7.77500531753184E-03
  C34              -4.92910314726203E-04   -4.18259507943120E-03    1.91999554856537E-03
  C35               5.46953188139021E-04    8.80727301949413E-03   -3.65675074969829E-03
  C36               2.83690196782915E-03   -3.19047920338456E-03   -3.32562246920798E-03
  C37              -1.55091020250997E-03    5.49524795625089E-04    2.45111428180822E-03
  C38              -1.05842144467809E-02    1.45921689800588E-03    1.43313774598910E-02
  C39               1.09033348627920E-02    2.44056270656223E-02   -2.02519642764738E-02
  N40              -3.86689952907382E-03   -3.59131707813454E-02    7.02942213701796E-03
  C41               1.34215582962938E-03    4.11879539682802E-03   -4.56883444050149E-03
  C42              -5.28205866399034E-03   -4.55690332036784E-03   -3.33911114079655E-04
  H43               1.04740087852999E-02   -2.70826744729247E-03    3.91054403727953E-03
  H44              -5.44463871918310E-04    1.08398008091051E-02   -6.70417426138714E-04
  H45               2.56797517915430E-03    3.39169003651074E-03    1.00432290455572E-02
  H46              -1.66050497425685E-04   -1.05489252875497E-02    3.01218524837221E-04
  C47              -6.84479454181641E-03   -1.70214987594441E-03   -4.66161411437582E-03
  C48               9.48053746674304E-03    5.71211309857489E-04    7.26604946871490E-04
  H49              -2.81367652280418E-03    9.66294919122745E-03    3.57730940074852E-03
  H50              -1.02179950311907E-02   -7.38996745877918E-03   -1.29563370228181E-03
  H51              -3.89434907832076E-03    3.47543346912449E-04    9.59377530934802E-03
  H52               9.99679888276894E-03    6.11042130395401E-03    8.26206095676518E-04
  H53              -5.14819189852656E-03    1.12093363755950E-02    6.88185244595729E-03
  H54              -6.68428217660999E-03    7.27992548019429E-03    7.49457474999105E-03
  H55               1.42061482968497E-04    1.14545749121060E-02   -3.12427313291952E-03
  H56               6.02563407644219E-03    3.58052101005590E-03   -9.08959919007124E-03
  H57               5.87953521151441E-03   -7.80819055728621E-03   -5.95034383296955E-03
  H58               1.14593904461309E-02   -9.52697356688681E-04    6.95890613713779E-03
  H59               9.12647021058355E-03    1.66024932406927E-03    7.24359539435149E-03
  H60               9.09657645740047E-03   -6.32424803633480E-03   -2.25911434581860E-03
  H61               3.76421444865382E-05   -7.34509299117647E-03   -9.00345829915317E-03
  H62              -9.56286913958593E-03   -6.06027716724800E-04   -6.28645603333311E-03
 ------------------------------------------------------------------------------------------
