
 **************************************************
 *                                                *
 *              Molecular gradients               *
 *                                                *
 **************************************************

  Irreducible representation: a  
 ------------------------------------------------------------------------------------------
                              X                       Y                       Z
 ------------------------------------------------------------------------------------------
  ER1              -2.11381794954735E-03   -1.63285526340862E-03   -1.24343994416520E-03
  O2                2.72315078259950E-02    1.31264219719309E-02    4.96063783612755E-03
  N3                3.01584196403670E-02    9.47405845539606E-03    5.73041522155648E-03
  N4                2.12915474746111E-03    5.60947127192971E-04   -7.36428431372005E-03
  C5               -8.78202773493975E-03   -1.57164757765726E-03   -5.07666943026130E-03
  C6                4.38919052988851E-03    2.01838539789545E-03    1.27005409540715E-03
  C7               -8.59670940790913E-03   -3.31964669832674E-03   -3.97448824469748E-03
  C8                4.94650398472629E-05    3.88213818418137E-03   -4.73454791764283E-03
  C9                2.19095203896025E-03   -1.79749122716366E-03    4.51613187144617E-03
  C10               1.50638668949021E-03   -9.24951862849355E-03    1.26957146643745E-02
  C11              -2.44845276921346E-02    8.55823371008313E-04   -1.93369206570111E-02
  C12              -1.12337146260622E-03    8.81471902196473E-03   -2.35249705820451E-04
  C13               2.76362187433143E-03   -3.71419917409188E-03   -4.93534756088465E-03
  H14               4.26244605099235E-03    8.22982145297324E-03   -6.49044292649670E-03
  H15              -6.10960534484484E-03    3.28830144804249E-03   -8.61721420421624E-03
  H16              -1.01636194172485E-02   -4.60102922250094E-03   -2.23634161157049E-03
  H17              -3.49004944141473E-03   -8.62884780071482E-03    7.82555981270150E-03
  H18              -7.69024299693477E-03   -1.00572783046893E-02    7.05630608106222E-03
  H19              -7.62663237973982E-03   -7.31957561266050E-03    3.74960973336869E-03
  H20               1.01673673347964E-02   -5.76869178194173E-03   -1.39881108238238E-03
  H21               1.78088543613919E-03   -4.06555007702369E-03    9.77550857382603E-03
  H22              -9.50107609881456E-03    5.70660351691732E-03    6.57723165236934E-04
  O23              -2.25201806854729E-02    1.71510368037957E-02    6.76715801601802E-03
  C24               5.24199586990370E-03   -7.98449891184916E-03   -8.02358758336830E-03
  C25              -2.85456015946428E-03    2.08293903786405E-03    1.98890215266445E-03
  C26               6.73500220221168E-03   -5.04562286481658E-03   -2.92718534210579E-03
  C27              -3.79758602374025E-03   -1.64611966326866E-03   -5.15670953212322E-03
  C28               2.56390546407381E-03    1.73099502528462E-03    4.54906884801287E-03
  C29               4.18969884937503E-03    8.40197226529238E-03    1.38665746519095E-02
  C30               1.72146432710214E-02   -2.27349353224433E-02   -1.86142855673075E-02
  N31              -2.84290931138997E-02    2.15953063282552E-02    4.75441900895746E-03
  O32              -1.62748033245208E-03   -3.03497963681547E-02    8.83033288472035E-03
  C33               4.00190007450885E-03    9.73739879919044E-03   -7.94927301055459E-03
  C34              -5.15661713098581E-04   -4.15860655314404E-03    1.92955193641353E-03
  C35               5.49234406420851E-04    8.83047732009423E-03   -3.66266012533245E-03
  C36               2.84817913729674E-03   -3.19507533697916E-03   -3.34257252270920E-03
  C37              -1.55597281153441E-03    5.31248540751150E-04    2.46925657460384E-03
  C38              -1.05496516444150E-02    1.46678665992539E-03    1.43158931925562E-02
  C39               1.08830909573463E-02    2.43759170370446E-02   -2.02089297955683E-02
  N40              -3.86875961809441E-03   -3.54304028844155E-02    7.46419925878250E-03
  C41               1.38193619521587E-03    4.09961019540228E-03   -4.53586054921473E-03
  C42              -5.21406301524507E-03   -4.58534171123137E-03   -3.44872312389555E-04
  H43               1.04772599795027E-02   -2.69853766827266E-03    3.92468597317830E-03
  H44              -5.43085540877453E-04    1.08495788467611E-02   -6.69902264921696E-04
  H45               2.55734633307547E-03    3.39298435967184E-03    1.00356862747706E-02
  H46              -1.69397474198307E-04   -1.05458149463864E-02    2.99082302292142E-04
  C47              -6.85142034939235E-03   -1.65863206894379E-03   -4.62513382689522E-03
  C48               9.46877671406376E-03    6.58218407057376E-04    7.14667040254469E-04
  H49              -2.82397741947715E-03    9.66192246527697E-03    3.59713997826283E-03
  H50              -1.02266852071651E-02   -7.39348027306974E-03   -1.29227943338850E-03
  H51              -3.88960703713170E-03    3.36968182066855E-04    9.58722101521658E-03
  H52               9.99617457970103E-03    6.10713919721206E-03    8.24123451037995E-04
  H53              -5.17295567012610E-03    1.12270141792230E-02    6.87330446836398E-03
  H54              -6.68488375681608E-03    7.28086656378402E-03    7.49530899188944E-03
  H55               1.41953476608697E-04    1.14550718366591E-02   -3.12436782504610E-03
  H56               6.02678277426527E-03    3.58504927501135E-03   -9.08990581394953E-03
  H57               5.87971727737990E-03   -7.80888975217842E-03   -5.95076580819942E-03
  H58               1.14904241370617E-02   -9.38254494200264E-04    6.94426247310354E-03
  H59               9.12538159735199E-03    1.66138210492095E-03    7.24391892359844E-03
  H60               9.09634851397101E-03   -6.32374662109925E-03   -2.25960890685961E-03
  H61               4.07938030966282E-05   -7.34691054865344E-03   -9.00317934333650E-03
  H62              -9.56324132515896E-03   -6.06106025386133E-04   -6.28758130509510E-03
 ------------------------------------------------------------------------------------------
