
 **************************************************
 *                                                *
 *              Molecular gradients               *
 *                                                *
 **************************************************

  Irreducible representation: a  
 ------------------------------------------------------------------------------------------
                              X                       Y                       Z
 ------------------------------------------------------------------------------------------
  ER1              -2.45923992993957E-03   -1.56455811500922E-03   -1.31117588647811E-03
  O2                2.75335527717715E-02    1.30299948333601E-02    5.30913455485305E-03
  N3                3.07551408205367E-02    9.87687625207556E-03    5.24683567793360E-03
  N4                2.10581989451059E-03    4.98961253172031E-04   -7.36696108164381E-03
  C5               -8.57364970193863E-03   -1.55188130725947E-03   -4.86244476697273E-03
  C6                4.35210933191144E-03    2.04843889005257E-03    1.21462918499837E-03
  C7               -8.52545483561151E-03   -3.27293545965901E-03   -3.97729643162670E-03
  C8                4.72928913257675E-05    3.82664154054613E-03   -4.66601552948820E-03
  C9                2.11504042325572E-03   -1.81454017886828E-03    4.47467429250303E-03
  C10               1.56109703012497E-03   -9.32414919035196E-03    1.28074392093041E-02
  C11              -2.47065479638984E-02    8.86235408604108E-04   -1.95610702923745E-02
  C12              -1.00046650854324E-03    8.86471637374697E-03   -1.64801705082596E-04
  C13               2.80703947161776E-03   -3.67370879965279E-03   -4.94329312808617E-03
  H14               4.26295427345114E-03    8.22804057567161E-03   -6.48819988534299E-03
  H15              -6.10538876431388E-03    3.28927969236181E-03   -8.61654754062258E-03
  H16              -1.01615719880215E-02   -4.60113137635343E-03   -2.23473492951509E-03
  H17              -3.49335485339175E-03   -8.62978637755596E-03    7.82384485826526E-03
  H18              -7.66284783683790E-03   -1.00163312589245E-02    7.06239454539492E-03
  H19              -7.62874422114290E-03   -7.30050676920335E-03    3.70770718602742E-03
  H20               1.01575421368398E-02   -5.76448237954352E-03   -1.39893667073077E-03
  H21               1.76890036966748E-03   -4.08119347300140E-03    9.78084118648503E-03
  H22              -9.50563261900861E-03    5.70548045230268E-03    6.59635523100999E-04
  O23              -2.25675571736317E-02    1.69560236179791E-02    6.78695902788462E-03
  C24               5.00207715257694E-03   -7.79760933053275E-03   -7.84100581259750E-03
  C25              -2.81848773581572E-03    2.00762149393263E-03    1.91957986017144E-03
  C26               6.66067373032586E-03   -5.01508077944379E-03   -2.93777398509398E-03
  C27              -3.75266302999577E-03   -1.62989857279427E-03   -5.10768733248490E-03
  C28               2.59467634982968E-03    1.69668901919362E-03    4.51827371262703E-03
  C29               4.24643609697917E-03    8.46086347611319E-03    1.39404346348320E-02
  C30               1.72419805218453E-02   -2.28301932126698E-02   -1.87327869919307E-02
  N31              -2.87314774174980E-02    2.20420056235251E-02    4.40424762019553E-03
  O32              -1.72015528017155E-03   -3.09875504229424E-02    9.30633804435743E-03
  C33               3.94261579083732E-03    9.91963490455028E-03   -7.80477887140130E-03
  C34              -5.22364599580882E-04   -4.25370122308344E-03    1.96873708602574E-03
  C35               5.27858876702147E-04    8.87247014532200E-03   -3.64838725757544E-03
  C36               2.87476876866233E-03   -3.21559854774023E-03   -3.37384224031823E-03
  C37              -1.56233642010029E-03    5.00287753263606E-04    2.47905884754729E-03
  C38              -1.05171065313687E-02    1.45879389696191E-03    1.42426719069566E-02
  C39               1.08050951699701E-02    2.42978094180515E-02   -2.00782386253016E-02
  N40              -3.83966493354659E-03   -3.54718920619135E-02    7.17366691657340E-03
  C41               1.33861040897365E-03    4.12063354798686E-03   -4.56192081800211E-03
  C42              -5.26242368755980E-03   -4.56786606748949E-03   -3.39016416349480E-04
  H43               1.04756245410424E-02   -2.70757510674891E-03    3.91691138308126E-03
  H44              -5.42661004403033E-04    1.08429487344601E-02   -6.65005977166233E-04
  H45               2.56726214602221E-03    3.39163046676294E-03    1.00436056298001E-02
  H46              -1.63864812965375E-04   -1.05495926818566E-02    3.00588104464428E-04
  C47              -6.84865790417488E-03   -1.69768188012753E-03   -4.67517723388156E-03
  C48               9.49441844922738E-03    6.09286803099351E-04    6.88268629538413E-04
  H49              -2.82180572104185E-03    9.66857230186413E-03    3.59207162845809E-03
  H50              -1.02192001853165E-02   -7.39343318328212E-03   -1.29866487026264E-03
  H51              -3.89304498285004E-03    3.45362046072717E-04    9.59506498510265E-03
  H52               9.99611932865108E-03    6.10830287038766E-03    8.26167626418961E-04
  H53              -5.15995929198798E-03    1.12360358066610E-02    6.87474527729659E-03
  H54              -6.68427787799519E-03    7.27570274618472E-03    7.49549802847582E-03
  H55               1.43042649572322E-04    1.14547382789212E-02   -3.12537515182765E-03
  H56               6.02566661603188E-03    3.57902964149837E-03   -9.08842334900584E-03
  H57               5.88114103849069E-03   -7.80831285589834E-03   -5.95139364749286E-03
  H58               1.14616406509764E-02   -9.59770717985586E-04    6.96692542195798E-03
  H59               9.12948394452862E-03    1.65913488404701E-03    7.24457783171051E-03
  H60               9.09736843103559E-03   -6.32476310881991E-03   -2.25891690629121E-03
  H61               4.04975897979609E-05   -7.34735524834385E-03   -9.00521680837230E-03
  H62              -9.56293985553458E-03   -6.05163068240877E-04   -6.28643828042286E-03
 ------------------------------------------------------------------------------------------
