
 **************************************************
 *                                                *
 *              Molecular gradients               *
 *                                                *
 **************************************************

  Irreducible representation: a  
 ------------------------------------------------------------------------------------------
                              X                       Y                       Z
 ------------------------------------------------------------------------------------------
  ER1              -2.00726118353889E-03   -1.74522634009411E-03   -4.69952554897901E-04
  O2                2.74298562272790E-02    1.31336329010523E-02    4.89368553125757E-03
  N3                3.02918739945461E-02    9.63493186405451E-03    5.67353417829963E-03
  N4                2.11105141769863E-03    5.40557047752591E-04   -7.87533986202504E-03
  C5               -8.58671498456154E-03   -1.57276115626548E-03   -4.94642428995284E-03
  C6                4.35510768348202E-03    2.02848096707786E-03    1.23538857095618E-03
  C7               -8.56516191174705E-03   -3.29631314397627E-03   -3.97637612928037E-03
  C8                4.24722855267845E-05    3.85908606093821E-03   -4.71314009174151E-03
  C9                2.16865372123642E-03   -1.80034008107732E-03    4.50451423861087E-03
  C10               1.51265445930981E-03   -9.27869857180141E-03    1.27406412961744E-02
  C11              -2.45133794941914E-02    8.79975941975530E-04   -1.93944761792402E-02
  C12              -1.12257571740315E-03    8.81618605238899E-03   -2.40653051765349E-04
  C13               2.69680597599997E-03   -3.76924303083026E-03   -4.91329199812895E-03
  H14               4.26213839179113E-03    8.23011877170110E-03   -6.49164829783899E-03
  H15              -6.10933600289520E-03    3.28907548475943E-03   -8.61750190619048E-03
  H16              -1.01637931425014E-02   -4.60093211377011E-03   -2.23665219380820E-03
  H17              -3.49283894375674E-03   -8.63103018426692E-03    7.82676360852541E-03
  H18              -7.68468734049943E-03   -1.00576231659097E-02    7.05582164927332E-03
  H19              -7.62343128699783E-03   -7.31510140827574E-03    3.75388677793431E-03
  H20               1.01671890284418E-02   -5.77038623969273E-03   -1.39505087623770E-03
  H21               1.79373469305544E-03   -4.04787929718431E-03    9.76550504587692E-03
  H22              -9.49316514567222E-03    5.70857992607188E-03    6.54175869900797E-04
  O23              -2.26777117247821E-02    1.72771123032618E-02    6.68737954801557E-03
  C24               5.19744001369382E-03   -7.86591916454071E-03   -7.92663579656150E-03
  C25              -2.85416786644888E-03    2.06444146028417E-03    1.97362295327608E-03
  C26               6.72206885856053E-03   -5.04021923832632E-03   -2.92661039195075E-03
  C27              -3.78919920138721E-03   -1.64736907416874E-03   -5.15441668931160E-03
  C28               2.56231250370753E-03    1.73003636946856E-03    4.54876038977126E-03
  C29               4.20905905815694E-03    8.40512732414300E-03    1.38703655293055E-02
  C30               1.71712158976831E-02   -2.27203475814903E-02   -1.86233381085423E-02
  N31              -2.86507542416530E-02    2.17325143527249E-02    4.66925094287163E-03
  O32              -1.77798849334820E-03   -3.04967280009869E-02    8.77694758630554E-03
  C33               3.97706478374271E-03    9.76824149484834E-03   -7.91902712551718E-03
  C34              -5.12757263379626E-04   -4.17165983292467E-03    1.94278991755148E-03
  C35               5.46828075421502E-04    8.84260461101150E-03   -3.66119023808409E-03
  C36               2.85674736673025E-03   -3.19839984824455E-03   -3.35428679630922E-03
  C37              -1.55894847300142E-03    5.19791467491260E-04    2.47663784089536E-03
  C38              -1.05444183673362E-02    1.46735655311048E-03    1.42963690272264E-02
  C39               1.08779055961077E-02    2.43162254742622E-02   -2.01894497452537E-02
  N40              -3.82465418071565E-03   -3.56374102151200E-02    7.36934374463161E-03
  C41               1.46654832840731E-03    4.07168589809448E-03   -4.53052170977841E-03
  C42              -5.20664103210144E-03   -4.59278047652489E-03   -3.67044772472624E-04
  H43               1.04738901611334E-02   -2.70085209272253E-03    3.93648936600677E-03
  H44              -5.45481614320664E-04    1.08461963352227E-02   -6.71319532984604E-04
  H45               2.53307845721373E-03    3.39591303741571E-03    1.00252687385609E-02
  H46              -1.75457184045991E-04   -1.05403823395633E-02    2.97019494473805E-04
  C47              -6.86604335044638E-03   -1.57178537683045E-03   -4.62439363500167E-03
  C48               9.47097664923469E-03    6.58945122760102E-04    6.95356631387867E-04
  H49              -2.81990363343620E-03    9.65876424083056E-03    3.60463023415036E-03
  H50              -1.02227459787727E-02   -7.39349539005918E-03   -1.29627387734121E-03
  H51              -3.88006582409339E-03    3.14755925591825E-04    9.57492012975081E-03
  H52               9.99435491619849E-03    6.09785261960383E-03    8.21465732364857E-04
  H53              -5.16947804954704E-03    1.12205635769822E-02    6.87457550977744E-03
  H54              -6.68540188130429E-03    7.28099840094387E-03    7.49621265752598E-03
  H55               1.42173046660227E-04    1.14552132049521E-02   -3.12506755834852E-03
  H56               6.02643800031810E-03    3.58447102775550E-03   -9.09021678632627E-03
  H57               5.88076391172354E-03   -7.80899114018307E-03   -5.95238335753390E-03
  H58               1.14831711215153E-02   -9.40215977085268E-04    6.94931964508871E-03
  H59               9.12717207454428E-03    1.66095065367444E-03    7.24489372305737E-03
  H60               9.09691523086487E-03   -6.32462273737389E-03   -2.26018171283915E-03
  H61               4.01871732853554E-05   -7.34702178618019E-03   -9.00364282323451E-03
  H62              -9.56368558905929E-03   -6.06651466970920E-04   -6.28902802303699E-03
 ------------------------------------------------------------------------------------------
