
 **************************************************
 *                                                *
 *              Molecular gradients               *
 *                                                *
 **************************************************

  Irreducible representation: a  
 ------------------------------------------------------------------------------------------
                              X                       Y                       Z
 ------------------------------------------------------------------------------------------
  ER1              -2.44884935640377E-03   -1.55138362067997E-03   -7.73424544817658E-04
  O2                2.73370024953614E-02    1.29329175583308E-02    4.99908871539034E-03
  N3                3.02297652325212E-02    9.67506529740980E-03    5.60537411465667E-03
  N4                2.11535201048113E-03    5.67598845919379E-04   -7.60603062654042E-03
  C5               -8.71566855595063E-03   -1.61981182566118E-03   -5.03553235538057E-03
  C6                4.37821595655308E-03    2.02948997283237E-03    1.25185215908630E-03
  C7               -8.57046778368975E-03   -3.29750292535813E-03   -3.97400117499735E-03
  C8                5.15032856096553E-05    3.85767256185954E-03   -4.70262664235044E-03
  C9                2.15197239040243E-03   -1.80679459345257E-03    4.50092656587164E-03
  C10               1.52078726076965E-03   -9.26972049773411E-03    1.27480932823949E-02
  C11              -2.46100342928379E-02    8.59872940459638E-04   -1.94210664867644E-02
  C12              -1.04206536137674E-03    8.81743695412318E-03   -2.08588716049007E-04
  C13               2.73443359276815E-03   -3.73579764370735E-03   -4.92902424934627E-03
  H14               4.26380925026093E-03    8.22904955835924E-03   -6.48973045555579E-03
  H15              -6.10816130670155E-03    3.28864836556075E-03   -8.61675783171911E-03
  H16              -1.01621674131813E-02   -4.60170977332819E-03   -2.23563542776306E-03
  H17              -3.49209721283827E-03   -8.62920162780512E-03    7.82464820879447E-03
  H18              -7.67309336346056E-03   -1.00542989382415E-02    7.04745592616085E-03
  H19              -7.62949279801717E-03   -7.30465953511761E-03    3.73098425632534E-03
  H20               1.01586542068404E-02   -5.75916356067729E-03   -1.40336242166628E-03
  H21               1.78551933955307E-03   -4.05941921434927E-03    9.76763974842676E-03
  H22              -9.49813280097089E-03    5.70979265840599E-03    6.58686257632102E-04
  O23              -2.23668661859469E-02    1.69150469311177E-02    6.45330762059970E-03
  C24               4.98936533153582E-03   -7.82826060749997E-03   -7.94661582633260E-03
  C25              -2.80408957325839E-03    2.01094537908908E-03    1.93933067971130E-03
  C26               6.68045937118134E-03   -5.02941785629218E-03   -2.93677419647054E-03
  C27              -3.76163226957082E-03   -1.64149037929029E-03   -5.12983850166826E-03
  C28               2.57371519511906E-03    1.71556324112654E-03    4.53307271307168E-03
  C29               4.23886977245047E-03    8.44041239324955E-03    1.39146074434211E-02
  C30               1.71882446941218E-02   -2.27754396407374E-02   -1.86745728519431E-02
  N31              -2.84850040253808E-02    2.19249189222599E-02    4.66695597112654E-03
  O32              -1.47729369027871E-03   -3.05774437769930E-02    8.95253215666969E-03
  C33               3.98830554173912E-03    9.86323515789422E-03   -7.93352074569498E-03
  C34              -5.38993330110316E-04   -4.20851530963251E-03    1.96149487791430E-03
  C35               5.34344509010687E-04    8.87410208111561E-03   -3.65982550786725E-03
  C36               2.87694135965388E-03   -3.21077850365192E-03   -3.37820016063883E-03
  C37              -1.56315833659382E-03    4.93463485767620E-04    2.49184970229510E-03
  C38              -1.05040743884426E-02    1.46276600223416E-03    1.42574477277138E-02
  C39               1.08176302883844E-02    2.42645144459352E-02   -2.01050726643479E-02
  N40              -3.75277334646729E-03   -3.53868798239887E-02    7.50734491090022E-03
  C41               1.42673221391298E-03    4.07693586219748E-03   -4.53378572979446E-03
  C42              -5.18446345758861E-03   -4.62049150759025E-03   -3.57187430626738E-04
  H43               1.04766013108879E-02   -2.69493091695150E-03    3.93889435546679E-03
  H44              -5.39563381735331E-04    1.08566930524638E-02   -6.61928887448981E-04
  H45               2.54241032854674E-03    3.39632158457759E-03    1.00317133597798E-02
  H46              -1.70330061899593E-04   -1.05415560850073E-02    2.94935234061100E-04
  C47              -6.87057478204878E-03   -1.61259803473790E-03   -4.61574226789097E-03
  C48               9.49138061762156E-03    6.92638355511477E-04    6.75905312329306E-04
  H49              -2.83049078759490E-03    9.66082301712134E-03    3.61199610837470E-03
  H50              -1.02290574453683E-02   -7.39619631917376E-03   -1.29528959118619E-03
  H51              -3.88276493046380E-03    3.27151782399504E-04    9.58336066514498E-03
  H52               9.99490544642612E-03    6.10221402962541E-03    8.23655164341908E-04
  H53              -5.18407532354725E-03    1.12370015802377E-02    6.86463444657459E-03
  H54              -6.68539036725502E-03    7.27820560954662E-03    7.49627922489182E-03
  H55               1.42443901807954E-04    1.14560596146926E-02   -3.12610875527852E-03
  H56               6.02710484784286E-03    3.58354485650736E-03   -9.08897709503265E-03
  H57               5.88181229734630E-03   -7.80812418404508E-03   -5.95152543975441E-03
  H58               1.14762701446622E-02   -9.59006494771097E-04    6.96482797684972E-03
  H59               9.12929031182230E-03    1.66027842292571E-03    7.24539241793565E-03
  H60               9.09794668506159E-03   -6.32523769538551E-03   -2.25965242899484E-03
  H61               4.19863500674689E-05   -7.34876472759094E-03   -9.00567805972763E-03
  H62              -9.56294961874526E-03   -6.05784903890072E-04   -6.28821023145321E-03
 ------------------------------------------------------------------------------------------
