
 **************************************************
 *                                                *
 *              Molecular gradients               *
 *                                                *
 **************************************************

  Irreducible representation: a  
 ------------------------------------------------------------------------------------------
                              X                       Y                       Z
 ------------------------------------------------------------------------------------------
  ER1              -1.59427055528116E-03   -1.74052551320703E-03   -1.28772559931178E-03
  O2                2.73479154618386E-02    1.33237445323040E-02    5.17495330287332E-03
  N3                3.03528872902437E-02    9.43681452916856E-03    5.48228543959617E-03
  N4                2.11769212002427E-03    5.89078010169303E-04   -7.37017042614951E-03
  C5               -8.55096456252546E-03   -1.52295667373648E-03   -4.85713574456526E-03
  C6                4.34571675520701E-03    2.03475432154487E-03    1.21139222570221E-03
  C7               -8.54382329519332E-03   -3.28737488275710E-03   -3.97958863944936E-03
  C8                4.26311459040818E-05    3.84818719341418E-03   -4.69706341023546E-03
  C9                2.15709303581590E-03   -1.80127299710975E-03    4.49008895682890E-03
  C10               1.52232870348712E-03   -9.30156426622908E-03    1.27502728665629E-02
  C11              -2.45452659890333E-02    8.45780802855245E-04   -1.93882480024414E-02
  C12              -1.09810997661342E-03    8.85304256243735E-03   -2.41191158554699E-04
  C13               2.80032346336512E-03   -3.68997007327998E-03   -4.96122008445354E-03
  H14               4.26252050261144E-03    8.23012485978580E-03   -6.48983486406252E-03
  H15              -6.10823214428180E-03    3.28995626562101E-03   -8.61833843910631E-03
  H16              -1.01644652258397E-02   -4.60096002911392E-03   -2.23595411578836E-03
  H17              -3.49158276442019E-03   -8.62983842660370E-03    7.82630678963248E-03
  H18              -7.70333977428006E-03   -1.00419032585819E-02    7.06817793915349E-03
  H19              -7.63129390600170E-03   -7.31951723248336E-03    3.74488618148483E-03
  H20               1.01642868543905E-02   -5.77071883502001E-03   -1.39149950716067E-03
  H21               1.77519762958411E-03   -4.07253739295399E-03    9.78372245018377E-03
  H22              -9.50569157509662E-03    5.70367362442603E-03    6.58665085801591E-04
  O23              -2.29852368377927E-02    1.75727436849762E-02    7.20620230525526E-03
  C24               5.31830781979004E-03   -7.92504965036223E-03   -7.80011415913506E-03
  C25              -2.91181165054955E-03    2.10616243935213E-03    1.98727164177015E-03
  C26               6.73672010895121E-03   -5.03293391203918E-03   -2.91637980972581E-03
  C27              -3.79895741322045E-03   -1.64293999209342E-03   -5.15268520973766E-03
  C28               2.56983771436659E-03    1.72509322082348E-03    4.54019519680116E-03
  C29               4.19472474213300E-03    8.41344793668952E-03    1.38559978844450E-02
  C30               1.72195849936649E-02   -2.27396968105094E-02   -1.86207445979338E-02
  N31              -2.87821176358669E-02    2.17496306458149E-02    4.38672601339007E-03
  O32              -1.75070793761378E-03   -3.03636692463058E-02    8.96802026010945E-03
  C33               3.99966051354284E-03    9.62316183736789E-03   -7.81959361202667E-03
  C34              -4.83498855235354E-04   -4.13588866767611E-03    1.89723452259472E-03
  C35               5.58761936377827E-04    8.77486446231224E-03   -3.66481643908045E-03
  C36               2.81589971376839E-03   -3.17697043471377E-03   -3.29825396185157E-03
  C37              -1.54644911346513E-03    5.80391756184184E-04    2.43894098784658E-03
  C38              -1.06191708163594E-02    1.45852193060847E-03    1.43832786814981E-02
  C39               1.09715979752703E-02    2.44870992331592E-02   -2.03659871251758E-02
  N40              -3.92358757992017E-03   -3.61054824663363E-02    6.96934504903979E-03
  C41               1.34247517435604E-03    4.11844765444469E-03   -4.57287696205100E-03
  C42              -5.28642473296337E-03   -4.55075989655640E-03   -3.37967578111886E-04
  H43               1.04747325826740E-02   -2.70799325331561E-03    3.90804642183351E-03
  H44              -5.47751950301212E-04    1.08379019131348E-02   -6.76636415394061E-04
  H45               2.56963060708282E-03    3.39129096641289E-03    1.00429111274138E-02
  H46              -1.68190221357056E-04   -1.05478906319476E-02    3.02007117669589E-04
  C47              -6.83868870022675E-03   -1.71181287190869E-03   -4.64468987295774E-03
  C48               9.46291008952649E-03    5.47039799760896E-04    7.60515358233960E-04
  H49              -2.80739435809974E-03    9.65860140470198E-03    3.56456558666451E-03
  H50              -1.02174551331995E-02   -7.38793972708329E-03   -1.29394481422151E-03
  H51              -3.89637421469846E-03    3.51742886519402E-04    9.59268813803149E-03
  H52               9.99684865207939E-03    6.11183518713254E-03    8.26025697796773E-04
  H53              -5.14077906029264E-03    1.11912554104272E-02    6.88736377567345E-03
  H54              -6.68438747413180E-03    7.28341536808763E-03    7.49399151695496E-03
  H55               1.41315983847284E-04    1.14541160171786E-02   -3.12327749974761E-03
  H56               6.02537133667802E-03    3.58266628905302E-03   -9.09024984418316E-03
  H57               5.87804919497792E-03   -7.80848483556973E-03   -5.94936776228305E-03
  H58               1.14693020477681E-02   -9.46148999631857E-04    6.94836708398228E-03
  H59               9.12352728140142E-03    1.66177733943407E-03    7.24297027278542E-03
  H60               9.09529087894612E-03   -6.32369065890437E-03   -2.25954501740677E-03
  H61               3.60905571528125E-05   -7.34319530494076E-03   -9.00147007927465E-03
  H62              -9.56320941470246E-03   -6.06677144182832E-04   -6.28684512576072E-03
 ------------------------------------------------------------------------------------------
