
 **************************************************
 *                                                *
 *              Molecular gradients               *
 *                                                *
 **************************************************

  Irreducible representation: a  
 ------------------------------------------------------------------------------------------
                              X                       Y                       Z
 ------------------------------------------------------------------------------------------
  ER1              -2.32754970526550E-03   -2.24460869806853E-03   -1.42827462179795E-03
  O2                2.80008237435041E-02    1.33462068468955E-02    5.54745435711013E-03
  N3                3.00181679115408E-02    9.62392540649226E-03    5.35459706415509E-03
  N4                2.17168856088401E-03    5.14368758372366E-04   -7.32470733450086E-03
  C5               -8.84842751738546E-03   -1.72831792934947E-03   -4.83302055987878E-03
  C6                4.47981537258535E-03    2.05818556683646E-03    1.28042522727689E-03
  C7               -8.60014257206920E-03   -3.34400653986333E-03   -3.95495015766834E-03
  C8                5.34483011200848E-05    3.89300615667665E-03   -4.74511449603643E-03
  C9                2.19741232517912E-03   -1.79938403004165E-03    4.51662043620205E-03
  C10               1.49782276012367E-03   -9.23398142351139E-03    1.26643613103936E-02
  C11              -2.44867260514319E-02    8.00957622976384E-04   -1.92745377491921E-02
  C12              -1.03678961741593E-03    8.88083502558956E-03   -2.21916365383379E-04
  C13               2.80614382036148E-03   -3.67867523447529E-03   -4.96130886371660E-03
  H14               4.26229508921860E-03    8.23094569609140E-03   -6.48984585373746E-03
  H15              -6.10291022877085E-03    3.29122545313743E-03   -8.61364047057478E-03
  H16              -1.01623867536151E-02   -4.59942913329137E-03   -2.23612818452334E-03
  H17              -3.48821847610736E-03   -8.62686470397023E-03    7.82546205486945E-03
  H18              -7.69622995742392E-03   -1.00509183598412E-02    7.05089842943529E-03
  H19              -7.63061661029241E-03   -7.31505077847316E-03    3.72106061752397E-03
  H20               1.01648095943059E-02   -5.76753794701723E-03   -1.39727557689939E-03
  H21               1.77104695602970E-03   -4.07917491224907E-03    9.78369676375301E-03
  H22              -9.50293448386041E-03    5.70524696666652E-03    6.57955804343135E-04
  O23              -2.22445632131238E-02    1.70585947909849E-02    6.99071171059273E-03
  C24               4.99537607703182E-03   -7.87084036828389E-03   -7.91734266242550E-03
  C25              -2.82485674967292E-03    2.00787428155813E-03    1.92447695527775E-03
  C26               6.65291025570447E-03   -5.00807780936086E-03   -2.93576741077572E-03
  C27              -3.74219083899874E-03   -1.62126245197847E-03   -5.09118373480977E-03
  C28               2.60987152702974E-03    1.67937809753571E-03    4.50623174520892E-03
  C29               4.24086646835597E-03    8.50230372139738E-03    1.39755504500918E-02
  C30               1.72693898414487E-02   -2.29291969168983E-02   -1.88525646569224E-02
  N31              -2.90419742881696E-02    2.21658645334029E-02    4.24761931983575E-03
  O32              -1.63340398376022E-03   -3.03641049634127E-02    8.92981082112598E-03
  C33               4.08028557478701E-03    9.74175061180205E-03   -7.81233606073428E-03
  C34              -5.12491111527069E-04   -4.16376135780183E-03    1.92368328345616E-03
  C35               5.41147746171866E-04    8.83075871634098E-03   -3.66505740928602E-03
  C36               2.85518643529059E-03   -3.19263145210513E-03   -3.35163855384391E-03
  C37              -1.56386629062233E-03    5.17206862815200E-04    2.46988757134670E-03
  C38              -1.05600656921419E-02    1.48267739398733E-03    1.42967586935057E-02
  C39               1.08540009965323E-02    2.43632151228290E-02   -2.01611801304038E-02
  N40              -3.90280615209360E-03   -3.54890452086032E-02    7.23809781471907E-03
  C41               1.31941426016269E-03    4.12058899661982E-03   -4.54133719062355E-03
  C42              -5.29951801576267E-03   -4.51131462602739E-03   -2.78291495028782E-04
  H43               1.04620921392353E-02   -2.71581976619872E-03    3.88965338987912E-03
  H44              -5.44239953108594E-04    1.08328385079020E-02   -6.73367547476822E-04
  H45               2.57673039113016E-03    3.39090782215923E-03    1.00420187496333E-02
  H46              -1.64121788029048E-04   -1.05523413999347E-02    3.02681955513417E-04
  C47              -6.85012546640351E-03   -1.69714318820802E-03   -4.66890905994077E-03
  C48               9.49465976906261E-03    6.23962519382459E-04    6.86340939600072E-04
  H49              -2.82447072235614E-03    9.66922653997138E-03    3.59822451234670E-03
  H50              -1.02227651030571E-02   -7.39481329418545E-03   -1.28935910937678E-03
  H51              -3.89321816466914E-03    3.43265068724286E-04    9.59681013978297E-03
  H52               9.99678642617496E-03    6.11144390092377E-03    8.24544465237054E-04
  H53              -5.15876706109175E-03    1.12408786177021E-02    6.87980517174136E-03
  H54              -6.68524193631992E-03    7.28103102484035E-03    7.49621261157962E-03
  H55               1.43183393455371E-04    1.14566625537460E-02   -3.12479114151287E-03
  H56               6.02767146245320E-03    3.58470049842730E-03   -9.09065492558447E-03
  H57               5.88163207069670E-03   -7.80859790427879E-03   -5.95048340037962E-03
  H58               1.14251360532975E-02   -9.47958881615918E-04    6.96672257994813E-03
  H59               9.12884223784793E-03    1.65865261682119E-03    7.24256888799335E-03
  H60               9.09551956529420E-03   -6.32281311736715E-03   -2.25722746163726E-03
  H61               4.00546087383491E-05   -7.34616893101325E-03   -9.00349025027580E-03
  H62              -9.56261323364771E-03   -6.04844971242802E-04   -6.28524139576747E-03
 ------------------------------------------------------------------------------------------
