
 **************************************************
 *                                                *
 *              Molecular gradients               *
 *                                                *
 **************************************************

  Irreducible representation: a  
 ------------------------------------------------------------------------------------------
                              X                       Y                       Z
 ------------------------------------------------------------------------------------------
  ER1              -1.96643361049686E-03   -1.82101209797669E-03   -1.27330886619603E-03
  O2                2.71650442805900E-02    1.31155403593120E-02    4.93005564579718E-03
  N3                3.01186342984145E-02    9.53255251064533E-03    5.73095586205596E-03
  N4                2.11723246840695E-03    5.45036934997814E-04   -7.28888231988378E-03
  C5               -8.68556172166457E-03   -1.52676415529318E-03   -5.02160940003726E-03
  C6                4.35452133863912E-03    2.02673836459866E-03    1.24157334863284E-03
  C7               -8.56741355010726E-03   -3.29542781241821E-03   -3.98046678826169E-03
  C8                4.94984409726840E-05    3.85916946356790E-03   -4.70538346117166E-03
  C9                2.16043103651131E-03   -1.80671673336974E-03    4.49833920358145E-03
  C10               1.52107414150215E-03   -9.27645148608747E-03    1.27376973843352E-02
  C11              -2.45711709992626E-02    8.33491809043352E-04   -1.93916620606092E-02
  C12              -1.08711435971820E-03    8.84343128392118E-03   -2.03166193701421E-04
  C13               2.80927446899781E-03   -3.67712390078090E-03   -4.95373301139779E-03
  H14               4.26383055290724E-03    8.22911962061212E-03   -6.48931995992541E-03
  H15              -6.10923070205160E-03    3.28816345912619E-03   -8.61817756177707E-03
  H16              -1.01636293187131E-02   -4.60122781235395E-03   -2.23553866060877E-03
  H17              -3.49071529772349E-03   -8.62954701127983E-03    7.82559198937349E-03
  H18              -7.68711918971210E-03   -1.00567238723830E-02    7.05473347575758E-03
  H19              -7.63160789004314E-03   -7.31931143074327E-03    3.73622259435358E-03
  H20               1.01634897451532E-02   -5.76918644665447E-03   -1.39352869171994E-03
  H21               1.77146577393650E-03   -4.07873557614025E-03    9.78329460224714E-03
  H22              -9.50586214705496E-03    5.70425105315753E-03    6.57961543327534E-04
  O23              -2.25357099061663E-02    1.71012436487530E-02    6.79262774272971E-03
  C24               5.23865759330988E-03   -7.99946982286137E-03   -8.01224221885910E-03
  C25              -2.85775058419135E-03    2.07349216240438E-03    1.98918831377703E-03
  C26               6.73174061032000E-03   -5.04480698189980E-03   -2.92850944954282E-03
  C27              -3.79941704980347E-03   -1.64362086110259E-03   -5.15372610020925E-03
  C28               2.56935867648345E-03    1.72900375049512E-03    4.54382899809680E-03
  C29               4.19319441514432E-03    8.40929338415020E-03    1.38556719465719E-02
  C30               1.72323395504819E-02   -2.27286312544113E-02   -1.86047883158476E-02
  N31              -2.84386588763432E-02    2.16441751063061E-02    4.71977104873922E-03
  O32              -1.73538616725111E-03   -3.02570703866518E-02    8.89407353646732E-03
  C33               4.07494312472956E-03    9.88541420641020E-03   -8.02270564782859E-03
  C34              -5.21412362571638E-04   -4.18155599909742E-03    1.95990687982750E-03
  C35               5.44592859502480E-04    8.85407007783101E-03   -3.66391877534866E-03
  C36               2.85959712330408E-03   -3.21046610227071E-03   -3.35364965306617E-03
  C37              -1.56155176567907E-03    5.25626635921483E-04    2.47158961847138E-03
  C38              -1.05345240304628E-02    1.44809959702030E-03    1.42823601324793E-02
  C39               1.08520288157479E-02    2.43707214597073E-02   -2.01700684746462E-02
  N40              -3.84652173922806E-03   -3.54387548468011E-02    7.43276962351835E-03
  C41               1.33035032321871E-03    4.12261683079240E-03   -4.56482691555493E-03
  C42              -5.24254826625814E-03   -4.57954167999031E-03   -3.32822943750699E-04
  H43               1.04819834904344E-02   -2.70485416683997E-03    3.92054173560563E-03
  H44              -5.45033686707441E-04    1.08426393101997E-02   -6.70559564429851E-04
  H45               2.57113149814669E-03    3.39152371677720E-03    1.00438627972821E-02
  H46              -1.65345211142309E-04   -1.05493600923960E-02    3.00634622364626E-04
  C47              -6.84281698582723E-03   -1.71278034802924E-03   -4.65915337743894E-03
  C48               9.47671859153942E-03    6.21147653546927E-04    7.30561915418093E-04
  H49              -2.82016220011627E-03    9.66803205422373E-03    3.58889653579464E-03
  H50              -1.02177675138222E-02   -7.39099219274930E-03   -1.29733550541711E-03
  H51              -3.89582805217525E-03    3.50423660055776E-04    9.59459877300617E-03
  H52               9.99711694788452E-03    6.11092528970048E-03    8.25874853619624E-04
  H53              -5.16907064512484E-03    1.12241943741882E-02    6.87320286474158E-03
  H54              -6.68487699836717E-03    7.27815351167038E-03    7.49496502121438E-03
  H55               1.42247306057580E-04    1.14547371081244E-02   -3.12435032803648E-03
  H56               6.02513136908378E-03    3.58409077151789E-03   -9.08996373638082E-03
  H57               5.87961312913254E-03   -7.80859063607942E-03   -5.95101670724762E-03
  H58               1.14862204579893E-02   -9.44987080192083E-04    6.94967547656233E-03
  H59               9.12478352915258E-03    1.66190946562195E-03    7.24383736164391E-03
  H60               9.09616527586898E-03   -6.32415819417798E-03   -2.25943844016996E-03
  H61               4.08584784197252E-05   -7.34569776579264E-03   -9.00358316876826E-03
  H62              -9.56302888205762E-03   -6.05461885507808E-04   -6.28742915026237E-03
 ------------------------------------------------------------------------------------------
