
 **************************************************
 *                                                *
 *              Molecular gradients               *
 *                                                *
 **************************************************

  Irreducible representation: a  
 ------------------------------------------------------------------------------------------
                              X                       Y                       Z
 ------------------------------------------------------------------------------------------
  ER1              -1.60435725869312E-03   -1.17812288854902E-03   -1.37372703895267E-03
  O2                2.68496818329851E-02    1.29320636120553E-02    4.98030921373527E-03
  N3                3.06817700929169E-02    9.56760990914773E-03    5.40033303961884E-03
  N4                2.06862079530790E-03    5.82042899938059E-04   -7.31385224748848E-03
  C5               -8.47932785487338E-03   -1.34660724040692E-03   -4.93598801517336E-03
  C6                4.26869425005627E-03    2.01694741766101E-03    1.18378315117162E-03
  C7               -8.50943532521775E-03   -3.25356511137276E-03   -3.99414175977064E-03
  C8                3.60479739356379E-05    3.81556244631920E-03   -4.66016275192338E-03
  C9                2.12132865596537E-03   -1.81251561131113E-03    4.47229874702537E-03
  C10               1.55473794319505E-03   -9.35661292333023E-03    1.28284789023203E-02
  C11              -2.46915820983169E-02    8.86140862354168E-04   -1.95566034890025E-02
  C12              -1.06137934113448E-03    8.84876183290118E-03   -1.99929737599192E-04
  C13               2.80954989046300E-03   -3.67902812581100E-03   -4.94793982266017E-03
  H14               4.26348191500781E-03    8.22854471948808E-03   -6.48825098369876E-03
  H15              -6.11163079368637E-03    3.28813208417333E-03   -8.61986369452161E-03
  H16              -1.01641553746603E-02   -4.60194280734871E-03   -2.23504721193901E-03
  H17              -3.49516044839682E-03   -8.63253031356592E-03    7.82571590162373E-03
  H18              -7.68557988765384E-03   -1.00212020150288E-02    7.07486227294041E-03
  H19              -7.63134265507581E-03   -7.30951947712377E-03    3.73205166390900E-03
  H20               1.01601546678545E-02   -5.76730650780632E-03   -1.39016710348994E-03
  H21               1.77226799763908E-03   -4.07673895241611E-03    9.78361952888207E-03
  H22              -9.50911564946288E-03    5.70349813450921E-03    6.59330793996382E-04
  O23              -2.31746264794759E-02    1.74782408358567E-02    7.10530443769741E-03
  C24               5.39790384351058E-03   -8.00673265052509E-03   -7.78448613091420E-03
  C25              -2.92353846388149E-03    2.14555909441394E-03    2.01243065707324E-03
  C26               6.78447018763517E-03   -5.04857736672015E-03   -2.91303060483372E-03
  C27              -3.82718085726275E-03   -1.66203737398618E-03   -5.19469314193088E-03
  C28               2.53846784961098E-03    1.76416415918190E-03    4.56548355877973E-03
  C29               4.18504387228502E-03    8.35296154037568E-03    1.37827767096095E-02
  C30               1.72036059548297E-02   -2.26065188750653E-02   -1.84532588494251E-02
  N31              -2.82962414844157E-02    2.14495908688552E-02    4.52690764429420E-03
  O32              -1.89223218274392E-03   -3.06175634853734E-02    9.32659123181168E-03
  C33               3.98026373762672E-03    9.82178065742190E-03   -7.86139086010884E-03
  C34              -5.02592425320358E-04   -4.21489878577042E-03    1.94301039105227E-03
  C35               5.41117794984558E-04    8.82204597574088E-03   -3.65154224273567E-03
  C36               2.83988389173606E-03   -3.19464064790331E-03   -3.32841287100205E-03
  C37              -1.55166777400417E-03    5.51552670909672E-04    2.45341552614542E-03
  C38              -1.05788284254436E-02    1.44036986094420E-03    1.43267110420360E-02
  C39               1.09185413136133E-02    2.44450662861091E-02   -2.02804219876422E-02
  N40              -3.82569646720832E-03   -3.59201189967102E-02    6.91164590832294E-03
  C41               1.34465804853967E-03    4.12056295138497E-03   -4.58767625361034E-03
  C42              -5.26822792157944E-03   -4.59543894757886E-03   -3.84478313293357E-04
  H43               1.04883686902877E-02   -2.70077926831824E-03    3.92643253137415E-03
  H44              -5.46465336725532E-04    1.08480848951036E-02   -6.67633141423041E-04
  H45               2.56608100327904E-03    3.39217502965417E-03    1.00460289891480E-02
  H46              -1.66922725199470E-04   -1.05461913025486E-02    3.00451612711417E-04
  C47              -6.83527522848548E-03   -1.72483712643334E-03   -4.64273945672389E-03
  C48               9.45994979923803E-03    5.17377544465347E-04    7.69689203567125E-04
  H49              -2.80351909717513E-03    9.65829567490673E-03    3.55266451499769E-03
  H50              -1.02137864795058E-02   -7.38811953712837E-03   -1.30068235630709E-03
  H51              -3.89797994159391E-03    3.56936603187918E-04    9.59258606913238E-03
  H52               9.99723957698428E-03    6.11086711351838E-03    8.27129223019973E-04
  H53              -5.14355235420716E-03    1.11903415417380E-02    6.88133201406416E-03
  H54              -6.68394744878142E-03    7.27858134931836E-03    7.49373695002831E-03
  H55               1.41586252314196E-04    1.14524595658168E-02   -3.12340907927755E-03
  H56               6.02441805097786E-03    3.57894208968812E-03   -9.08767173567426E-03
  H57               5.87837302184013E-03   -7.80823562521960E-03   -5.94992878354184E-03
  H58               1.15084048855927E-02   -9.59318628524386E-04    6.94654195720368E-03
  H59               9.12285473261676E-03    1.66266794392855E-03    7.24487571914878E-03
  H60               9.09578551740609E-03   -6.32550415417832E-03   -2.26045164896860E-03
  H61               3.67150806205307E-05   -7.34531157230478E-03   -9.00165665818520E-03
  H62              -9.56472133816888E-03   -6.07411849656181E-04   -6.28729113712900E-03
 ------------------------------------------------------------------------------------------
