 
 **************************************************
 *                                                *
 *              Molecular gradients               *
 *                                                *
 **************************************************

  Irreducible representation: a  
 ------------------------------------------------------------------------------------------
                              X                       Y                       Z
 ------------------------------------------------------------------------------------------
  ER1              -1.99489967789523E-03   -1.72268039249079E-03   -1.01359227240749E-03
  O2                2.72191559515065E-02    1.31204760535191E-02    5.02772273060614E-03
  N3                3.02606265087029E-02    9.56830842080869E-03    5.55933606582393E-03
  N4                2.11733254799379E-03    5.46066073334253E-04   -7.43329933778014E-03
  C5               -8.63551033479304E-03   -1.52310818146639E-03   -4.94576920008960E-03
  C6                4.35553451824866E-03    2.02764904936714E-03    1.23025954702882E-03
  C7               -8.55590311347321E-03   -3.29295840292820E-03   -3.97817374592968E-03
  C8                4.52982671070856E-05    3.85282951554711E-03   -4.70081493365448E-03
  C9                2.15723294255632E-03   -1.80452394986119E-03    4.49483811867835E-03
  C10               1.52390721032347E-03   -9.29038329512366E-03    1.27504049102569E-02
  C11              -2.45782456999741E-02    8.46829490148693E-04   -1.94085113955946E-02
  C12              -1.08364301646979E-03    8.84711192758303E-03   -2.15778830630953E-04
  C13               2.77913796287432E-03   -3.70366603997052E-03   -4.94224996692694E-03
  H14               4.26284776234187E-03    8.22989219338233E-03   -6.48924611218504E-03
  H15              -6.10861856280032E-03    3.28926807684971E-03   -8.61729260261868E-03
  H16              -1.01634271181386E-02   -4.60105767702235E-03   -2.23565833961148E-03
  H17              -3.49174346486869E-03   -8.62987121316294E-03    7.82576458315809E-03
  H18              -7.69000175657375E-03   -1.00474176290337E-02    7.05825765117130E-03
  H19              -7.62714085159555E-03   -7.31557908710379E-03    3.73676479927720E-03
  H20               1.01646810250404E-02   -5.77046233942902E-03   -1.39316443514925E-03
  H21               1.77705073515066E-03   -4.07007849215013E-03    9.77904357086778E-03
  H22              -9.50260827209881E-03    5.70506624997957E-03    6.57650751906047E-04
  O23              -2.25704519883618E-02    1.70921828232160E-02    6.82288300795264E-03
  C24               5.17081741268832E-03   -7.93016217978959E-03   -7.91684263190717E-03
  C25              -2.85479348287243E-03    2.06530021730877E-03    1.96686112991529E-03
  C26               6.71385289276838E-03   -5.03262455717035E-03   -2.92776466110389E-03
  C27              -3.78456270965266E-03   -1.64182848384797E-03   -5.14261716455788E-03
  C28               2.57347357927173E-03    1.72096323233273E-03    4.53762337394692E-03
  C29               4.21076674262899E-03    8.42256818729137E-03    1.38820619515292E-02
  C30               1.72291223719832E-02   -2.27581399745702E-02   -1.86397045204663E-02
  N31              -2.85799091649110E-02    2.17456551600299E-02    4.56569965959375E-03
  O32              -1.69074138633718E-03   -3.03031538685126E-02    8.92207461977890E-03
  C33               4.04133459985712E-03    9.77583587884467E-03   -7.90520068324341E-03
  C34              -5.12369293421244E-04   -4.17225656939380E-03    1.93500930788737E-03
  C35               5.45208735548641E-04    8.83008182232992E-03   -3.66126551647028E-03
  C36               2.84962902038544E-03   -3.19670560566543E-03   -3.34229408511799E-03
  C37              -1.55698929487924E-03    5.32538395741966E-04    2.46459502622109E-03
  C38              -1.05590307789298E-02    1.46100117899906E-03    1.43090451412915E-02
  C39               1.08784128747161E-02    2.43841191984551E-02   -2.02030690793791E-02
  N40              -3.85083374478334E-03   -3.55994272463995E-02    7.25638637836035E-03
  C41               1.36836908552773E-03    4.10941686131316E-03   -4.55387708543498E-03
  C42              -5.24961501541732E-03   -4.57456689375846E-03   -3.39585499215644E-04
  H43               1.04761322194129E-02   -2.70372199276014E-03    3.91927682343329E-03
  H44              -5.44300463703351E-04    1.08437742820602E-02   -6.69686359144217E-04
  H45               2.56135954633674E-03    3.39216240254236E-03    1.00391889085323E-02
  H46              -1.67779943677004E-04   -1.05468927659800E-02    3.00360556302781E-04
  C47              -6.84987505134771E-03   -1.67453292705844E-03   -4.64745230945951E-03
  C48               9.47876856292673E-03    6.11200381724686E-04    7.19559963791028E-04
  H49              -2.81893297578950E-03    9.66226984610685E-03    3.58725230815526E-03
  H50              -1.02214024528386E-02   -7.39177681927794E-03   -1.29461138299281E-03
  H51              -3.89128673665251E-03    3.41169735123215E-04    9.58991999756975E-03
  H52               9.99594571467988E-03    6.10801709910636E-03    8.25060665263333E-04
  H53              -5.16101268166125E-03    1.12208851112090E-02    6.87606374758509E-03
  H54              -6.68489950682361E-03    7.27995807586090E-03    7.49534768180116E-03
  H55               1.42214368617888E-04    1.14549055994360E-02   -3.12437343280436E-03
  H56               6.02604000353857E-03    3.58312950550310E-03   -9.08938598893982E-03
  H57               5.88023014788686E-03   -7.80866669075131E-03   -5.95025757063716E-03
  H58               1.14774802404582E-02   -9.48770302464652E-04    6.95207468355985E-03
  H59               9.12613383272642E-03    1.66106659583998E-03    7.24420430929307E-03
  H60               9.09650359442971E-03   -6.32438470782581E-03   -2.25941923763218E-03
  H61               3.94784094409628E-05   -7.34629115324736E-03   -9.00305539843060E-03
  H62              -9.56355084758442E-03   -6.06009204084046E-04   -6.28657818835165E-03
 ------------------------------------------------------------------------------------------
