
 **************************************************
 *                                                *
 *              Molecular gradients               *
 *                                                *
 **************************************************

  Irreducible representation: a  
 ------------------------------------------------------------------------------------------
                              X                       Y                       Z
 ------------------------------------------------------------------------------------------
  ER1              -2.04283738775446E-03   -1.49997665283874E-03   -1.19739331054092E-03
  O2                2.71747159726665E-02    1.31478390676740E-02    5.05377454419431E-03
  N3                3.01803576541548E-02    9.56845898433656E-03    5.66794503928492E-03
  N4                2.09246498201676E-03    5.27120783746282E-04   -7.30432375602774E-03
  C5               -8.68728551695064E-03   -1.54393414882636E-03   -5.00483459191692E-03
  C6                4.36365365969493E-03    2.02721199405165E-03    1.24238276301902E-03
  C7               -8.56561316771121E-03   -3.29733530408771E-03   -3.98009712497327E-03
  C8                5.02161964028858E-05    3.85835281671731E-03   -4.70481178272308E-03
  C9                2.15787972981829E-03   -1.80588136906401E-03    4.49831239693121E-03
  C10               1.53177694799744E-03   -9.28004712423558E-03    1.27442793935226E-02
  C11              -2.45769574645784E-02    8.30089132586309E-04   -1.94170115582510E-02
  C12              -1.08819592610487E-03    8.84475269798202E-03   -2.03040298460522E-04
  C13               2.80894614494276E-03   -3.68589393241248E-03   -4.93431143446088E-03
  H14               4.26299112379080E-03    8.22972311166659E-03   -6.48897518812852E-03
  H15              -6.10874238186021E-03    3.28894184828465E-03   -8.61724724621382E-03
  H16              -1.01634790055094E-02   -4.60129211480798E-03   -2.23570980731713E-03
  H17              -3.49052890637669E-03   -8.62950777783844E-03    7.82545093581088E-03
  H18              -7.68792092799853E-03   -1.00560936461438E-02    7.05377629520054E-03
  H19              -7.62853583373335E-03   -7.31820757793145E-03    3.73554824140410E-03
  H20               1.01622244383357E-02   -5.77049284241227E-03   -1.39537161201386E-03
  H21               1.77048238884758E-03   -4.07766478190563E-03    9.78375298030976E-03
  H22              -9.50707593202971E-03    5.70468150267445E-03    6.59697153909011E-04
  O23              -2.24076957586967E-02    1.70581287109250E-02    6.76578531908589E-03
  C24               5.17035769238028E-03   -7.97471052186793E-03   -7.97408210036465E-03
  C25              -2.84918409480550E-03    2.05842377222432E-03    1.95997649579027E-03
  C26               6.70625750580367E-03   -5.03291337501643E-03   -2.92968943469774E-03
  C27              -3.78276804702260E-03   -1.63548711195105E-03   -5.13347702045586E-03
  C28               2.58381205356706E-03    1.71155826500868E-03    4.53086477137665E-03
  C29               4.20633466468345E-03    8.42556725810439E-03    1.38948491349513E-02
  C30               1.72647143819908E-02   -2.27856246659996E-02   -1.86401371386640E-02
  N31              -2.84856846890342E-02    2.16608520134107E-02    4.67410173792615E-03
  O32              -1.75824395971347E-03   -3.03654826977624E-02    8.87067084233095E-03
  C33               4.06016874053083E-03    9.80483889973982E-03   -7.93176646708282E-03
  C34              -5.16322011330672E-04   -4.17551051926512E-03    1.94814223823592E-03
  C35               5.43873589125887E-04    8.84522524629716E-03   -3.66070499900673E-03
  C36               2.85816547198436E-03   -3.19995791960004E-03   -3.35442675373976E-03
  C37              -1.56278627217410E-03    5.17029774064426E-04    2.47094501534728E-03
  C38              -1.05478204959821E-02    1.46398453913932E-03    1.42858133456738E-02
  C39               1.08647920051945E-02    2.43465142788359E-02   -2.01698522612008E-02
  N40              -3.85452528560570E-03   -3.55499969133888E-02    7.29864353792919E-03
  C41               1.33792772154173E-03    4.11842350921532E-03   -4.57280104103575E-03
  C42              -5.25961631625016E-03   -4.55159279549111E-03   -3.26282600287442E-04
  H43               1.04799419942339E-02   -2.71018985019689E-03    3.91521040238096E-03
  H44              -5.47798652227094E-04    1.08361611934740E-02   -6.73877749655771E-04
  H45               2.56892301885348E-03    3.39240540539887E-03    1.00420486112647E-02
  H46              -1.66991508391945E-04   -1.05504198963970E-02    3.01700113802372E-04
  C47              -6.83935185087181E-03   -1.70392074436698E-03   -4.65880527777784E-03
  C48               9.49702686117071E-03    6.32922303665850E-04    7.15314386688704E-04
  H49              -2.82561336276155E-03    9.66335008334340E-03    3.58964838441356E-03
  H50              -1.02305519720911E-02   -7.39409871910857E-03   -1.28886525220029E-03
  H51              -3.89533842462164E-03    3.46446914242682E-04    9.59489824599657E-03
  H52               9.99485688383039E-03    6.11019771656274E-03    8.22504380018518E-04
  H53              -5.15940144040883E-03    1.12241724913673E-02    6.87852372008813E-03
  H54              -6.68443262239915E-03    7.27968234667564E-03    7.49552035770584E-03
  H55               1.42648840680548E-04    1.14553426037514E-02   -3.12427198032195E-03
  H56               6.02590077088117E-03    3.58390566161448E-03   -9.09027228805392E-03
  H57               5.88089541020942E-03   -7.80812086687988E-03   -5.95184370284763E-03
  H58               1.14819262275958E-02   -9.43952939846726E-04    6.94792292571211E-03
  H59               9.12508969521220E-03    1.66148335394622E-03    7.24395044218618E-03
  H60               9.09607921778033E-03   -6.32375832772247E-03   -2.25890625504510E-03
  H61               3.96186080988681E-05   -7.34619728095165E-03   -9.00253330754452E-03
  H62              -9.56372137955697E-03   -6.05525863515144E-04   -6.28623080414492E-03
 ------------------------------------------------------------------------------------------
