
 **************************************************
 *                                                *
 *              Molecular gradients               *
 *                                                *
 **************************************************

  Irreducible representation: a  
 ------------------------------------------------------------------------------------------
                              X                       Y                       Z
 ------------------------------------------------------------------------------------------
  ER1              -1.98897520165187E-03   -1.66425069277043E-03   -1.33898398217980E-03
  O2                2.74144311665800E-02    1.31910563732625E-02    5.33426411972471E-03
  N3                3.04772813372836E-02    9.60157518952087E-03    5.26847576249168E-03
  N4                2.11574164253869E-03    5.46745053410125E-04   -7.34941033972802E-03
  C5               -8.62127523457623E-03   -1.53583564248327E-03   -4.83979024966175E-03
  C6                4.36501919779353E-03    2.04340124347002E-03    1.22340916547792E-03
  C7               -8.54023983245256E-03   -3.29047556955708E-03   -3.97681255336479E-03
  C8                4.43729889312294E-05    3.84379473980978E-03   -4.69093024802181E-03
  C9                2.14722444919246E-03   -1.80848009613754E-03    4.48657994952528E-03
  C10               1.53511101358639E-03   -9.30834358229937E-03    1.27596668356784E-02
  C11              -2.46182416718774E-02    8.44678435832691E-04   -1.94426905413172E-02
  C12              -1.03087825160308E-03    8.86963853211498E-03   -2.07733493406081E-04
  C13               2.81468710275146E-03   -3.67338348054691E-03   -4.95562505685498E-03
  H14               4.26294040326303E-03    8.22931888365552E-03   -6.48842029553798E-03
  H15              -6.10657138564008E-03    3.28977682683407E-03   -8.61700387799402E-03
  H16              -1.01637558749186E-02   -4.60055184822039E-03   -2.23517199208434E-03
  H17              -3.49199649447840E-03   -8.62941047264520E-03    7.82534801620294E-03
  H18              -7.69006022021479E-03   -1.00256614626844E-02    7.06728016703995E-03
  H19              -7.63263863078922E-03   -7.30840080988138E-03    3.72195908452166E-03
  H20               1.01604089134533E-02   -5.76533628629505E-03   -1.39454576053488E-03
  H21               1.76996170644284E-03   -4.07990999018892E-03    9.78359253424443E-03
  H22              -9.50651943019309E-03    5.70392415884946E-03    6.58662648243880E-04
  O23              -2.27535629778881E-02    1.72059879044504E-02    7.08822391574060E-03
  C24               5.16158644823861E-03   -7.89814866559446E-03   -7.79924346442584E-03
  C25              -2.87248435444409E-03    2.06447561471634E-03    1.95827804103388E-03
  C26               6.70231357835682E-03   -5.02028727274428E-03   -2.92654602034226E-03
  C27              -3.77510491691702E-03   -1.63776891420930E-03   -5.13232373265726E-03
  C28               2.58179116387325E-03    1.71452795213867E-03    4.52933226539287E-03
  C29               4.22146616043939E-03    8.43933667496444E-03    1.38926245255178E-02
  C30               1.72483588466505E-02   -2.27896211050016E-02   -1.86751612656151E-02
  N31              -2.87313185877629E-02    2.18987181810486E-02    4.29244038355847E-03
  O32              -1.69789599445735E-03   -3.05625968895491E-02    9.18979770892392E-03
  C33               4.00590997518080E-03    9.76405056140983E-03   -7.78238657125563E-03
  C34              -5.01278045311082E-04   -4.19241981990481E-03    1.93097723889224E-03
  C35               5.39870701066647E-04    8.81715171940023E-03   -3.65644252866026E-03
  C36               2.84347404608365E-03   -3.19210100823675E-03   -3.33514366168863E-03
  C37              -1.55659590120427E-03    5.39914567699640E-04    2.45679568976387E-03
  C38              -1.05764265067916E-02    1.46274470778351E-03    1.43143989794408E-02
  C39               1.08887183549675E-02    2.44182059506173E-02   -2.02265596674622E-02
  N40              -3.89415682017535E-03   -3.57729361040420E-02    6.97162848128130E-03
  C41               1.32511929782098E-03    4.12460777345425E-03   -4.56677773583891E-03
  C42              -5.29577976290874E-03   -4.54295299640517E-03   -3.32547320013532E-04
  H43               1.04734692390238E-02   -2.71158198849530E-03    3.90468547754175E-03
  H44              -5.46466007709689E-04    1.08382364531359E-02   -6.70705635870794E-04
  H45               2.57321917946784E-03    3.39091466358399E-03    1.00445821563682E-02
  H46              -1.64879177571908E-04   -1.05495188666360E-02    3.01188308892364E-04
  C47              -6.84129796552613E-03   -1.71970223208362E-03   -4.66009233177545E-03
  C48               9.47550969271660E-03    5.52323988046055E-04    7.26606592667878E-04
  H49              -2.81071986976889E-03    9.66441408425034E-03    3.57160405329537E-03
  H50              -1.02158965777992E-02   -7.39106793758948E-03   -1.29561882604490E-03
  H51              -3.89630274492347E-03    3.52157108584716E-04    9.59518938497439E-03
  H52               9.99679327838798E-03    6.11191651961107E-03    8.26105696351220E-04
  H53              -5.14428844520776E-03    1.12135193600302E-02    6.88314865340089E-03
  H54              -6.68423258854034E-03    7.27992546146083E-03    7.49494618344659E-03
  H55               1.42822768325973E-04    1.14547661533280E-02   -3.12399129546037E-03
  H56               6.02548863234365E-03    3.58055498154020E-03   -9.08890884135616E-03
  H57               5.87941628664446E-03   -7.80843279486998E-03   -5.94924745635339E-03
  H58               1.14601539854604E-02   -9.57994853975075E-04    6.96028125377524E-03
  H59               9.12625662792976E-03    1.66037177516332E-03    7.24386939242194E-03
  H60               9.09641082029466E-03   -6.32494504080583E-03   -2.25882660351839E-03
  H61               3.77509930798992E-05   -7.34506007854385E-03   -9.00298280386025E-03
  H62              -9.56324052272173E-03   -6.05555092823451E-04   -6.28531851137915E-03
 ------------------------------------------------------------------------------------------
