
 **************************************************
 *                                                *
 *              Molecular gradients               *
 *                                                *
 **************************************************

  Irreducible representation: a  
 ------------------------------------------------------------------------------------------
                              X                       Y                       Z
 ------------------------------------------------------------------------------------------
  ER1              -1.92165166590508E-03   -1.77476988716463E-03   -1.09537101889856E-03
  O2                2.75017979789318E-02    1.32074528553279E-02    5.01294945380693E-03
  N3                3.02944266173952E-02    9.59447996370777E-03    5.63251185413094E-03
  N4                2.13482466227488E-03    5.30907017553053E-04   -7.41159397803770E-03
  C5               -8.54153143315273E-03   -1.58227232494146E-03   -4.93216486745673E-03
  C6                4.35540718306804E-03    2.03806442036392E-03    1.22600877862489E-03
  C7               -8.55008249681788E-03   -3.28489781049646E-03   -3.97489931371453E-03
  C8                4.70149483149385E-05    3.84615718611414E-03   -4.69237010754764E-03
  C9                2.14316077424215E-03   -1.80495752380239E-03    4.49138208209610E-03
  C10               1.53670530644945E-03   -9.29184821276330E-03    1.27700292064750E-02
  C11              -2.45891925349291E-02    8.48808340325746E-04   -1.94504333981080E-02
  C12              -1.10250498360820E-03    8.84946832334421E-03   -1.95567235326877E-04
  C13               2.77930681879468E-03   -3.70227450316563E-03   -4.93956680444541E-03
  H14               4.26348707594260E-03    8.22850377315909E-03   -6.48916607974925E-03
  H15              -6.10735218979741E-03    3.28938867933370E-03   -8.61728089284952E-03
  H16              -1.01629855436851E-02   -4.60134306459992E-03   -2.23593812678891E-03
  H17              -3.49217139058666E-03   -8.63025485564961E-03    7.82571787818576E-03
  H18              -7.68636317013627E-03   -1.00474763302429E-02    7.05819742450498E-03
  H19              -7.62293408508885E-03   -7.31823122320030E-03    3.73688919343174E-03
  H20               1.01651402068388E-02   -5.77663072101409E-03   -1.38949119427556E-03
  H21               1.77713651082501E-03   -4.07014503241765E-03    9.77862393627049E-03
  H22              -9.50125325798368E-03    5.70413394434066E-03    6.56731544266265E-04
  O23              -2.26385663173332E-02    1.70000858575392E-02    6.71336692632707E-03
  C24               5.07275319905176E-03   -7.84509531117372E-03   -7.91988499073248E-03
  C25              -2.83697012611572E-03    2.03989496625567E-03    1.94591680850387E-03
  C26               6.69088706924548E-03   -5.02666571458121E-03   -2.93138988441832E-03
  C27              -3.76962349893262E-03   -1.63537574656125E-03   -5.12522795391579E-03
  C28               2.58622451438129E-03    1.70551587295531E-03    4.52925087494582E-03
  C29               4.22096236325409E-03    8.44164193817143E-03    1.39185569254552E-02
  C30               1.72140026269183E-02   -2.28066612282785E-02   -1.87237911318086E-02
  N31              -2.87693272874918E-02    2.19086753332971E-02    4.68837960879220E-03
  O32              -1.94160888612416E-03   -3.03841838108063E-02    8.89683161403454E-03
  C33               4.05973043908681E-03    9.84877294028408E-03   -7.94148325547006E-03
  C34              -5.16195707538358E-04   -4.18508246821503E-03    1.95679288123429E-03
  C35               5.44900686603178E-04    8.85173304826026E-03   -3.65978741305462E-03
  C36               2.86212009257625E-03   -3.20490685991182E-03   -3.35760134099061E-03
  C37              -1.56286274866013E-03    5.16291803428715E-04    2.47370016112902E-03
  C38              -1.05389028737699E-02    1.45940629405672E-03    1.42810992346099E-02
  C39               1.08645722035576E-02    2.43275389717326E-02   -2.01624436773344E-02
  N40              -3.78817720833791E-03   -3.56347147299267E-02    7.31554840501403E-03
  C41               1.36648195355704E-03    4.11180530432720E-03   -4.54296011750088E-03
  C42              -5.22057812328747E-03   -4.57096917680122E-03   -3.18336783426076E-04
  H43               1.04737497862715E-02   -2.70359432903433E-03    3.92121534693857E-03
  H44              -5.44291102275718E-04    1.08405118452364E-02   -6.72173383080343E-04
  H45               2.56283984261296E-03    3.39113078653996E-03    1.00379152854480E-02
  H46              -1.67204941115884E-04   -1.05485449376772E-02    3.01724372311796E-04
  C47              -6.85125380451890E-03   -1.66894520330452E-03   -4.65526602050303E-03
  C48               9.48133899893300E-03    6.27481644636774E-04    7.05493301856208E-04
  H49              -2.82147083338069E-03    9.66213915788927E-03    3.59234790211094E-03
  H50              -1.02207011537132E-02   -7.39336314939498E-03   -1.29647046593417E-03
  H51              -3.89060255890428E-03    3.38864129335148E-04    9.58939403066594E-03
  H52               9.99585084050025E-03    6.10712370872868E-03    8.24691111735998E-04
  H53              -5.16708826451850E-03    1.12194791664493E-02    6.87227300414417E-03
  H54              -6.68511373922609E-03    7.27919002812882E-03    7.49539421135470E-03
  H55               1.41952431384484E-04    1.14553113319680E-02   -3.12519219193907E-03
  H56               6.02557636444967E-03    3.58352929643679E-03   -9.09039812848889E-03
  H57               5.88007174745542E-03   -7.80906124631819E-03   -5.95143928889907E-03
  H58               1.14644930961028E-02   -9.36456348141101E-04    6.95296837517123E-03
  H59               9.12777788327190E-03    1.66036072511710E-03    7.24389406056769E-03
  H60               9.09665257018588E-03   -6.32385492688581E-03   -2.25902459701688E-03
  H61               3.99183781040202E-05   -7.34669330842763E-03   -9.00360573470316E-03
  H62              -9.56270323300146E-03   -6.04578667826150E-04   -6.28547642626387E-03
 ------------------------------------------------------------------------------------------
