
 **************************************************
 *                                                *
 *              Molecular gradients               *
 *                                                *
 **************************************************

  Irreducible representation: a  
 ------------------------------------------------------------------------------------------
                              X                       Y                       Z
 ------------------------------------------------------------------------------------------
  ER1              -1.57054075092611E-03   -1.89385430718403E-03   -8.07836502982440E-04
  O2                2.71122478882049E-02    1.33450030084479E-02    4.80754210027357E-03
  N3                3.01719821529876E-02    9.40671214625510E-03    5.79145526145020E-03
  N4                2.12172193736004E-03    5.23199170234301E-04   -7.60298098353118E-03
  C5               -8.53079102654775E-03   -1.48479740142871E-03   -4.95648395646242E-03
  C6                4.33409486862502E-03    2.01307440093146E-03    1.22440625322007E-03
  C7               -8.56376146271565E-03   -3.29502798768755E-03   -3.98254616612270E-03
  C8                3.57075927279737E-05    3.85985647917320E-03   -4.71818148195613E-03
  C9                2.18278697976437E-03   -1.79417258017089E-03    4.50730235829944E-03
  C10               1.50740137188166E-03   -9.28297868421879E-03    1.27356718283937E-02
  C11              -2.44667428112315E-02    8.69146902951812E-04   -1.93582312720331E-02
  C12              -1.20033191829805E-03    8.81785672426183E-03   -2.58621607727605E-04
  C13               2.72673036232174E-03   -3.74846194070333E-03   -4.90979809502079E-03
  H14               4.26202101005879E-03    8.23061176787299E-03   -6.49100068528341E-03
  H15              -6.11141608265964E-03    3.28935513744621E-03   -8.61891522883518E-03
  H16              -1.01656971630000E-02   -4.60158404819389E-03   -2.23706451540284E-03
  H17              -3.49179142380596E-03   -8.63124330633447E-03    7.82750270842314E-03
  H18              -7.70442757964407E-03   -1.00617589743202E-02    7.06161574320774E-03
  H19              -7.61664462745948E-03   -7.32995160895555E-03    3.76818809088153E-03
  H20               1.01777410752959E-02   -5.78471912902856E-03   -1.38592212729738E-03
  H21               1.78790290485309E-03   -4.05484705626868E-03    9.77418984370004E-03
  H22              -9.49684080653945E-03    5.70427391679473E-03    6.52985223962510E-04
  O23              -2.28038671192237E-02    1.72582366528040E-02    6.95285791453770E-03
  C24               5.38828906452338E-03   -7.98634263430564E-03   -7.98326407402605E-03
  C25              -2.89226975253376E-03    2.12733326364400E-03    2.00827299581974E-03
  C26               6.76359657150627E-03   -5.05130034322221E-03   -2.91994632642023E-03
  C27              -3.81607444468557E-03   -1.65158254124442E-03   -5.17401497038250E-03
  C28               2.55478909586415E-03    1.74030919995971E-03    4.56188935808155E-03
  C29               4.17254966345659E-03    8.37150492192595E-03    1.38311598050598E-02
  C30               1.72000953179996E-02   -2.26886064218625E-02   -1.85625239310032E-02
  N31              -2.85605885670002E-02    2.14903978713314E-02    4.72798415510489E-03
  O32              -1.87404455142470E-03   -3.00523768919305E-02    8.65918597708415E-03
  C33               4.04617820846731E-03    9.70442315453290E-03   -7.96953799983946E-03
  C34              -5.01238233923118E-04   -4.12783547144357E-03    1.92142435970766E-03
  C35               5.59512796581174E-04    8.80839027837155E-03   -3.66621802720069E-03
  C36               2.83449692055271E-03   -3.18611726172335E-03   -3.32455799936682E-03
  C37              -1.55309443383533E-03    5.50938465117667E-04    2.45780853200406E-03
  C38              -1.05810005959643E-02    1.46711095275975E-03    1.43413701169421E-02
  C39               1.09347649685492E-02    2.44160361030801E-02   -2.02638543299818E-02
  N40              -3.94600379476184E-03   -3.56842261650279E-02    7.26970013398720E-03
  C41               1.42580538348369E-03    4.09698749365317E-03   -4.53113728573840E-03
  C42              -5.22782547024647E-03   -4.56383939525473E-03   -3.60259544827102E-04
  H43               1.04746044462054E-02   -2.70400056712550E-03    3.92586461114952E-03
  H44              -5.49803108283342E-04    1.08388601619254E-02   -6.79358406381780E-04
  H45               2.54780277673250E-03    3.39172903233997E-03    1.00301974201251E-02
  H46              -1.73715042133926E-04   -1.05453398827127E-02    3.02154339636207E-04
  C47              -6.84700776480662E-03   -1.61587834586285E-03   -4.63812595451785E-03
  C48               9.45260657001334E-03    6.22284231340586E-04    7.26444766973700E-04
  H49              -2.81379752084732E-03    9.65767578631471E-03    3.58819853790582E-03
  H50              -1.02210197129153E-02   -7.39165105667050E-03   -1.29508310822568E-03
  H51              -3.88679409432946E-03    3.24856714771560E-04    9.57912481435841E-03
  H52               9.99524290907949E-03    6.10253972816732E-03    8.22464430778602E-04
  H53              -5.15479519701234E-03    1.12101669630320E-02    6.88191119510773E-03
  H54              -6.68490487891482E-03    7.28295078786978E-03    7.49509686544858E-03
  H55               1.41377218118521E-04    1.14551560522340E-02   -3.12402633313269E-03
  H56               6.02602594066859E-03    3.58556349705186E-03   -9.09096347018412E-03
  H57               5.87881377335897E-03   -7.80955187845578E-03   -5.95096249691096E-03
  H58               1.14952574233680E-02   -9.26871636145465E-04    6.93277972907147E-03
  H59               9.12391591571193E-03    1.66204946815951E-03    7.24360617205910E-03
  H60               9.09608287510899E-03   -6.32336169526848E-03   -2.26026679358826E-03
  H61               3.85993870553047E-05   -7.34579560072923E-03   -9.00152083251093E-03
  H62              -9.56391543522450E-03   -6.06515627614268E-04   -6.28715113608536E-03
 ------------------------------------------------------------------------------------------
