
 **************************************************
 *                                                *
 *              Molecular gradients               *
 *                                                *
 **************************************************

  Irreducible representation: a  
 ------------------------------------------------------------------------------------------
                              X                       Y                       Z
 ------------------------------------------------------------------------------------------
  ER1              -1.99270702394017E-03   -1.72079334903685E-03   -5.87799733679617E-04
  O2                2.73679979936112E-02    1.31135513610925E-02    4.97888935422708E-03
  N3                3.02909199220185E-02    9.62756051670510E-03    5.59302641897830E-03
  N4                2.11273567807979E-03    5.42830696561275E-04   -7.81464548401445E-03
  C5               -8.59973468293163E-03   -1.55660989725703E-03   -4.93312124351952E-03
  C6                4.35786530931459E-03    2.02591576475708E-03    1.23067319132808E-03
  C7               -8.56038098468126E-03   -3.29454975685106E-03   -3.97641611357180E-03
  C8                4.17077539314192E-05    3.85574772973651E-03   -4.70747638222857E-03
  C9                2.16732827713706E-03   -1.79821357312981E-03    4.50107838344183E-03
  C10               1.51279771723978E-03   -9.28435258094495E-03    1.27462022934963E-02
  C11              -2.45318513304866E-02    8.72229913937872E-04   -1.93932269212564E-02
  C12              -1.10986963770010E-03    8.82774123195418E-03   -2.43110950378878E-04
  C13               2.70601458419506E-03   -3.76167551225581E-03   -4.91906017482791E-03
  H14               4.26155480304269E-03    8.23027840651847E-03   -6.49141762847627E-03
  H15              -6.10899356650485E-03    3.28979425052456E-03   -8.61763104931867E-03
  H16              -1.01634829294834E-02   -4.60146743643630E-03   -2.23626766641027E-03
  H17              -3.49225262386099E-03   -8.63014439955201E-03    7.82562126456021E-03
  H18              -7.68856186433720E-03   -1.00549699900139E-02    7.05589973966170E-03
  H19              -7.62385430661361E-03   -7.31542445302580E-03    3.74997916845121E-03
  H20               1.01675246148236E-02   -5.77057776186507E-03   -1.39458186032382E-03
  H21               1.79140521737597E-03   -4.05133774374278E-03    9.76861232531334E-03
  H22              -9.49509561612949E-03    5.70826111798084E-03    6.55046827930494E-04
  O23              -2.26411522631431E-02    1.72158493511851E-02    6.76402810859855E-03
  C24               5.17389665319712E-03   -7.87528969610030E-03   -7.90165378914409E-03
  C25              -2.85324950787924E-03    2.06557238463034E-03    1.96502720465297E-03
  C26               6.71616227095573E-03   -5.03526181299563E-03   -2.92642413547561E-03
  C27              -3.78427998963282E-03   -1.64604210211294E-03   -5.14802757245469E-03
  C28               2.56289941947507E-03    1.72585427558847E-03    4.54367649796317E-03
  C29               4.21509947393695E-03    8.41032046039292E-03    1.38787766549580E-02
  C30               1.71839670872451E-02   -2.27330536767631E-02   -1.86258144880953E-02
  N31              -2.86499608288899E-02    2.17473268391664E-02    4.59528134588716E-03
  O32              -1.76038248291732E-03   -3.04245582235776E-02    8.85941944384783E-03
  C33               3.99607187956263E-03    9.75380677769344E-03   -7.89010200803020E-03
  C34              -5.12839432778023E-04   -4.17030478905733E-03    1.93329617417604E-03
  C35               5.46513278839811E-04    8.83387458557117E-03   -3.66041662326033E-03
  C36               2.85268709816355E-03   -3.19415235355969E-03   -3.34751340819839E-03
  C37              -1.55564587297041E-03    5.22188573079063E-04    2.47098788713263E-03
  C38              -1.05530346782174E-02    1.47147678513093E-03    1.43058334922421E-02
  C39               1.08829375277253E-02    2.43347891457439E-02   -2.01922373644527E-02
  N40              -3.81691812171958E-03   -3.56552186724208E-02    7.28597822906352E-03
  C41               1.45522719745905E-03    4.07533161653539E-03   -4.53440296119112E-03
  C42              -5.22114679628771E-03   -4.58791337933384E-03   -3.67774082937089E-04
  H43               1.04739959848015E-02   -2.70114650357245E-03    3.93230197602090E-03
  H44              -5.45404920381909E-04    1.08464928846193E-02   -6.70873771498881E-04
  H45               2.53751491359466E-03    3.39558234698467E-03    1.00284580779721E-02
  H46              -1.74208743558335E-04   -1.05419648936476E-02    2.97763118544125E-04
  C47              -6.86402508866824E-03   -1.58306877882630E-03   -4.62796221115624E-03
  C48               9.47449006956980E-03    6.41309794252365E-04    6.92710119180262E-04
  H49              -2.81968197549087E-03    9.65869641109762E-03    3.59970135222643E-03
  H50              -1.02230712487934E-02   -7.39383360584700E-03   -1.29574735371740E-03
  H51              -3.88198951071139E-03    3.18752893673668E-04    9.57847103481768E-03
  H52               9.99513622833526E-03    6.09988673542450E-03    8.22373623039940E-04
  H53              -5.16690408858533E-03    1.12215699438778E-02    6.87455313027652E-03
  H54              -6.68499568910619E-03    7.28070552754900E-03    7.49510693706945E-03
  H55               1.41726220986682E-04    1.14547951486070E-02   -3.12477585302240E-03
  H56               6.02668331949907E-03    3.58376378935610E-03   -9.09003997615798E-03
  H57               5.88120607978659E-03   -7.80830471317984E-03   -5.95230617339215E-03
  H58               1.14820100544524E-02   -9.43977924098283E-04    6.95031202048924E-03
  H59               9.12682830835188E-03    1.66074879369504E-03    7.24393882238950E-03
  H60               9.09687016508443E-03   -6.32409619445529E-03   -2.25989357619349E-03
  H61               3.93541464428493E-05   -7.34695948774888E-03   -9.00344715250689E-03
  H62              -9.56345344408227E-03   -6.07342792141807E-04   -6.28885650480981E-03
 ------------------------------------------------------------------------------------------
