
 **************************************************
 *                                                *
 *              Molecular gradients               *
 *                                                *
 **************************************************

  Irreducible representation: a  
 ------------------------------------------------------------------------------------------
                              X                       Y                       Z
 ------------------------------------------------------------------------------------------
  ER1              -1.90821395817442E-03   -1.71375705253007E-03   -1.25788839266150E-03
  O2                2.72397937978717E-02    1.31156475666430E-02    4.93000398912713E-03
  N3                3.00652303861462E-02    9.49755254562135E-03    5.76607494056702E-03
  N4                2.11900897535050E-03    5.36038896696373E-04   -7.36458476677626E-03
  C5               -8.62085687174563E-03   -1.55323528233020E-03   -5.02026788877252E-03
  C6                4.35230903816297E-03    2.02156193841319E-03    1.23688342876704E-03
  C7               -8.56423780815696E-03   -3.29301549934558E-03   -3.97797242328934E-03
  C8                4.53799818398437E-05    3.85493361878808E-03   -4.70498408569142E-03
  C9                2.16057956894744E-03   -1.80336348401511E-03    4.50104993360767E-03
  C10               1.51955698934181E-03   -9.27812943515960E-03    1.27559240937751E-02
  C11              -2.45776311710770E-02    8.48747284839746E-04   -1.94125645028711E-02
  C12              -1.11436947540255E-03    8.81982347309496E-03   -2.16179437417807E-04
  C13               2.76556008627704E-03   -3.71217498393595E-03   -4.91906360357319E-03
  H14               4.26345676170437E-03    8.22911450527641E-03   -6.48957972961917E-03
  H15              -6.10984774371204E-03    3.28860238446715E-03   -8.61760446246862E-03
  H16              -1.01635344533193E-02   -4.60148794102189E-03   -2.23595069886473E-03
  H17              -3.49211817649753E-03   -8.62999242760587E-03    7.82595104993078E-03
  H18              -7.68916564784217E-03   -1.00642382001599E-02    7.05189400551376E-03
  H19              -7.62329445945209E-03   -7.31971972410328E-03    3.74292920740604E-03
  H20               1.01691498577701E-02   -5.77553214821336E-03   -1.39133442516903E-03
  H21               1.77965902610566E-03   -4.06696437448595E-03    9.77566065214219E-03
  H22              -9.50146375806682E-03    5.70531542378028E-03    6.56504202331654E-04
  O23              -2.26297868351910E-02    1.70315259222349E-02    6.73436653388038E-03
  C24               5.19890385792898E-03   -7.93945555959397E-03   -7.99474407168965E-03
  C25              -2.84945286655613E-03    2.07548765633270E-03    1.97695073128124E-03
  C26               6.72996488785493E-03   -5.04187138931478E-03   -2.92728137896070E-03
  C27              -3.79360244959415E-03   -1.64693334587973E-03   -5.15608223063246E-03
  C28               2.56237663898240E-03    1.73098726515430E-03    4.54846029947242E-03
  C29               4.20260440353104E-03    8.40129605532614E-03    1.38659732379254E-02
  C30               1.72011699648742E-02   -2.27277051207757E-02   -1.86117137138231E-02
  N31              -2.84170511065120E-02    2.17017896094265E-02    4.76887785042734E-03
  O32              -1.78927493270464E-03   -3.02994165364723E-02    8.90426140016132E-03
  C33               4.07765444211972E-03    9.94351044321995E-03   -8.03635770312816E-03
  C34              -5.38190299533170E-04   -4.19673268247323E-03    1.97382527186640E-03
  C35               5.37897020577383E-04    8.87550436335616E-03   -3.66164321592244E-03
  C36               2.87289570509008E-03   -3.21323529735906E-03   -3.37304431906649E-03
  C37              -1.56596615977445E-03    5.02683118803304E-04    2.48567073779926E-03
  C38              -1.05128028469204E-02    1.45468897639844E-03    1.42614444927252E-02
  C39               1.08488556999053E-02    2.43067918496607E-02   -2.01359477745853E-02
  N40              -3.81933988935401E-03   -3.54476425881529E-02    7.41675691722143E-03
  C41               1.38469670777930E-03    4.10314479246487E-03   -4.53743353087788E-03
  C42              -5.19955810934292E-03   -4.58921287617198E-03   -3.49786818324205E-04
  H43               1.04794341266281E-02   -2.70117606778131E-03    3.93176857362576E-03
  H44              -5.45707346294222E-04    1.08462857421916E-02   -6.71400720520854E-04
  H45               2.55637357369753E-03    3.39252229169462E-03    1.00360717829506E-02
  H46              -1.68973443968046E-04   -1.05469733284949E-02    3.00091855202744E-04
  C47              -6.84910218115276E-03   -1.65707639105861E-03   -4.63869254114968E-03
  C48               9.47270999286332E-03    6.53622784085428E-04    7.01350325815753E-04
  H49              -2.82333503098053E-03    9.66115040940352E-03    3.59608604751394E-03
  H50              -1.02243442318457E-02   -7.39497461873029E-03   -1.29789121740576E-03
  H51              -3.88979134818257E-03    3.36089566586040E-04    9.58623616605614E-03
  H52               9.99579958072339E-03    6.10537307090642E-03    8.23766094500300E-04
  H53              -5.17297965126584E-03    1.12239614161140E-02    6.87108879257803E-03
  H54              -6.68460833347417E-03    7.27840731267904E-03    7.49538252440818E-03
  H55               1.42445454345219E-04    1.14550201476451E-02   -3.12484741087360E-03
  H56               6.02617702593644E-03    3.58491047757381E-03   -9.08942780063526E-03
  H57               5.88116535698546E-03   -7.80806878258300E-03   -5.95200319138200E-03
  H58               1.14881407701688E-02   -9.43670913330807E-04    6.95038281858551E-03
  H59               9.12567218836813E-03    1.66125097537340E-03    7.24424512879995E-03
  H60               9.09655177065538E-03   -6.32434528934844E-03   -2.25956424859985E-03
  H61               4.05096351280276E-05   -7.34745576119344E-03   -9.00308981896814E-03
  H62              -9.56308268916395E-03   -6.05784782528485E-04   -6.28700696612228E-03
 ------------------------------------------------------------------------------------------
