
 **************************************************
 *                                                *
 *              Molecular gradients               *
 *                                                *
 **************************************************

  Irreducible representation: a  
 ------------------------------------------------------------------------------------------
                              X                       Y                       Z
 ------------------------------------------------------------------------------------------
  ER1              -1.94006791850510E-03   -1.99645936834369E-03   -1.21240863577654E-03
  O2                2.71988161156784E-02    1.30390565036862E-02    4.90540323848521E-03
  N3                3.01936922817561E-02    9.55129453894976E-03    5.62664584627903E-03
  N4                2.14039335722466E-03    5.65066177807411E-04   -7.31102244612458E-03
  C5               -8.62715488547927E-03   -1.49013485001026E-03   -4.96312712006208E-03
  C6                4.34030323602030E-03    2.02576060843551E-03    1.22225305920942E-03
  C7               -8.55231647721943E-03   -3.28678049639231E-03   -3.97894256924936E-03
  C8                4.50407281853415E-05    3.84854825841874E-03   -4.69613949384495E-03
  C9                2.15405168766658E-03   -1.80663465091335E-03    4.49018919097466E-03
  C10               1.51896322407197E-03   -9.29363553755813E-03    1.27561570880166E-02
  C11              -2.45925487747876E-02    8.47511366744769E-04   -1.94002844945409E-02
  C12              -1.08240456627229E-03    8.85166214382593E-03   -2.11209000156032E-04
  C13               2.79872963872840E-03   -3.67911290938228E-03   -4.96458395982557E-03
  H14               4.26319548997567E-03    8.22976496950822E-03   -6.48943165164617E-03
  H15              -6.10910364006845E-03    3.28902607829162E-03   -8.61753265923504E-03
  H16              -1.01637080696459E-02   -4.60104924198745E-03   -2.23533496104400E-03
  H17              -3.49191266314897E-03   -8.62970400550367E-03    7.82583483732768E-03
  H18              -7.68992767055909E-03   -1.00493807523367E-02    7.05844271922285E-03
  H19              -7.62965933482196E-03   -7.31885785219966E-03    3.73497920558563E-03
  H20               1.01665903453192E-02   -5.77128346163036E-03   -1.39008196806922E-03
  H21               1.77531411719234E-03   -4.07619670665138E-03    9.78238507950202E-03
  H22              -9.50478576206137E-03    5.70430344436801E-03    6.56682165399936E-04
  O23              -2.26552389573724E-02    1.71387880699605E-02    6.84205662803805E-03
  C24               5.23172439892505E-03   -7.98153586145744E-03   -7.96021741749975E-03
  C25              -2.86463988208796E-03    2.08296511091532E-03    1.99260444176730E-03
  C26               6.73930913007492E-03   -5.04440178925236E-03   -2.92680185645544E-03
  C27              -3.80043975502353E-03   -1.64913046777038E-03   -5.16208288262732E-03
  C28               2.56030965329579E-03    1.73822438909799E-03    4.54891549498693E-03
  C29               4.19683823026595E-03    8.41010564557010E-03    1.38471039307702E-02
  C30               1.72026927534787E-02   -2.27046732781275E-02   -1.86045030152120E-02
  N31              -2.85238027832655E-02    2.17104038809124E-02    4.63216337106864E-03
  O32              -1.72998139830938E-03   -3.01691635246542E-02    8.96631296959427E-03
  C33               4.07394323480048E-03    9.85708588627432E-03   -7.99632605233747E-03
  C34              -5.17420784300171E-04   -4.17898611293666E-03    1.94296912956737E-03
  C35               5.46590363785349E-04    8.83697206280409E-03   -3.66428444466571E-03
  C36               2.84885014459091E-03   -3.20598316080023E-03   -3.33955892079629E-03
  C37              -1.55568630285807E-03    5.42054297410388E-04    2.46239258364522E-03
  C38              -1.05501227524911E-02    1.44311641440709E-03    1.43123697455430E-02
  C39               1.08687770629623E-02    2.44153915550385E-02   -2.02087992403537E-02
  N40              -3.79716127282936E-03   -3.54957914781053E-02    7.38398095228732E-03
  C41               1.33888148786632E-03    4.12148172502835E-03   -4.55200009665191E-03
  C42              -5.23370826453018E-03   -4.60480516003248E-03   -3.42801655088820E-04
  H43               1.04803729030181E-02   -2.69797061707511E-03    3.92339701768041E-03
  H44              -5.41455832638871E-04    1.08506358550180E-02   -6.66587158984600E-04
  H45               2.56898862594213E-03    3.39115483918118E-03    1.00442124189044E-02
  H46              -1.64807974572634E-04   -1.05482000039192E-02    2.99655364395246E-04
  C47              -6.84740608634060E-03   -1.70809031598296E-03   -4.65124933832683E-03
  C48               9.46439768620522E-03    5.96854956363302E-04    7.37821130600835E-04
  H49              -2.81585238885018E-03    9.66725167739746E-03    3.58360640289757E-03
  H50              -1.02122575306574E-02   -7.38915583189836E-03   -1.30116667262903E-03
  H51              -3.89471554473353E-03    3.50151362198625E-04    9.59334976192849E-03
  H52               9.99903055604889E-03    6.11106324113297E-03    8.28111029501866E-04
  H53              -5.17210099719012E-03    1.12205112209196E-02    6.86876430781780E-03
  H54              -6.68482095478318E-03    7.27835429096046E-03    7.49477040572888E-03
  H55               1.41900037288450E-04    1.14541503391852E-02   -3.12403513951587E-03
  H56               6.02596334669947E-03    3.58332839095077E-03   -9.08889481141983E-03
  H57               5.88019529410388E-03   -7.80876532298969E-03   -5.94995590903480E-03
  H58               1.14829736977242E-02   -9.49917414497792E-04    6.95265974078207E-03
  H59               9.12497205281149E-03    1.66174072104242E-03    7.24415066712769E-03
  H60               9.09650220275005E-03   -6.32484691417012E-03   -2.25961989071699E-03
  H61               4.02061989599467E-05   -7.34615142466666E-03   -9.00351950716782E-03
  H62              -9.56330005869788E-03   -6.06981511879656E-04   -6.28783695522905E-03
 ------------------------------------------------------------------------------------------
